Nov 05, 2024 23:03:58.574 [0x702c13039b38] INFO - Plex Tuner Service v1.41.1.9057-af5eaea7a - Docker Docker Container x86_64 - build: 
Nov 05, 2024 23:03:58.575 [0x702c13039b38] INFO - Linux version: 6.8.0-47-generic (#47-Ubuntu SMP PREEMPT_DYNAMIC Fri Sep 27 21:40:26 UTC 2024), language: en-US
Nov 05, 2024 23:03:58.576 [0x702c13039b38] INFO - Processor Intel(R) Core(TM) i5-8250U CPU @ 1.60GHz
Nov 05, 2024 23:03:58.576 [0x702c13039b38] INFO - /usr/lib/plexmediaserver/Plex Tuner Service /usr/lib/plexmediaserver/Resources/Tuner/Private /usr/lib/plexmediaserver/Resources/Tuner/Shared 1.41.1.9057-af5eaea7a 32600
Nov 05, 2024 23:03:58.569 [0x702c14baa808] INFO - [I] broker_t::start...
Nov 05, 2024 23:03:58.588 [0x702c14baa808] INFO - [I] device_manager_t::init.
Nov 05, 2024 23:03:58.588 [0x702c14baa808] INFO - [I] device_manager_t::init. Initialize provider manager
Nov 05, 2024 23:03:58.588 [0x702c14baa808] INFO - [I] device_manager_t::init. Initialize all device auxes
Nov 05, 2024 23:03:58.588 [0x702c14baa808] INFO - [I] dvb_device_factory_t::get_aux_list
Nov 05, 2024 23:03:58.589 [0x702c14baa808] INFO - [I] tvbutler_aux_t::init
Nov 05, 2024 23:03:58.607 [0x702c14baa808] INFO - [I] web_server_t::start. Starting web server on port 32600
Nov 05, 2024 23:04:02.459 [0x702c12dacb38] INFO - [I] web_service_t::process_device_discovery
Nov 05, 2024 23:04:02.459 [0x702c12dacb38] INFO - [I] device_reactor_t::get_device_list ()
Nov 05, 2024 23:04:04.464 [0x702c12dacb38] INFO - [I] SAT2IP - discover_satip_servers(): no servers found
Nov 05, 2024 23:04:04.886 [0x702c12dacb38] INFO - [I] v4l::DeviceGetList_impl. getting v4l device list
Nov 05, 2024 23:04:04.895 [0x702c12dacb38] INFO - [I] onetv_factory::DeviceGetListEx >>
Nov 05, 2024 23:04:04.895 [0x702c12dacb38] WARN - [W] onetv_factory::DeviceGetListEx. libusb_init returned an error -99
Nov 05, 2024 23:05:19.865 [0x702c14baa808] INFO - Received SIGINT: Interrupt from keyboard.
Nov 05, 2024 23:05:19.903 [0x702c14baa808] INFO - [I] device_manager_t::term
Nov 05, 2024 23:05:19.903 [0x702c14baa808] INFO - [I] device_manager_t::term. Stop all devices
Nov 05, 2024 23:05:19.903 [0x702c14baa808] INFO - [I] device_manager_t::term. Shut down all device auxes
Nov 05, 2024 23:05:19.903 [0x702c14baa808] INFO - [I] tvbutler_aux_t::term
Nov 05, 2024 23:05:19.905 [0x702c14baa808] INFO - [I] web_server_t::stop. Web server is stopped
Nov 05, 2024 23:05:19.905 [0x702c14baa808] INFO - [I] device_manager_t::term
Nov 05, 2024 23:05:19.905 [0x702c14baa808] INFO - [I] device_manager_t::term. Stop all devices
Nov 05, 2024 23:05:19.905 [0x702c14baa808] INFO - [I] device_manager_t::term. Shut down all device auxes
Nov 05, 2024 23:05:19.905 [0x702c14baa808] INFO - [I] broker_t::shutdown. Shutdown is completed.
