Nov 05, 2024 23:13:40.715 [0x77a1e2219b38] INFO - Plex Tuner Service v1.41.1.9057-af5eaea7a - Docker Docker Container x86_64 - build: 
Nov 05, 2024 23:13:40.716 [0x77a1e2219b38] INFO - Linux version: 6.8.0-47-generic (#47-Ubuntu SMP PREEMPT_DYNAMIC Fri Sep 27 21:40:26 UTC 2024), language: en-US
Nov 05, 2024 23:13:40.716 [0x77a1e2219b38] INFO - Processor Intel(R) Core(TM) i5-8250U CPU @ 1.60GHz
Nov 05, 2024 23:13:40.717 [0x77a1e2219b38] INFO - /usr/lib/plexmediaserver/Plex Tuner Service /usr/lib/plexmediaserver/Resources/Tuner/Private /usr/lib/plexmediaserver/Resources/Tuner/Shared 1.41.1.9057-af5eaea7a 32600
Nov 05, 2024 23:13:40.710 [0x77a1e3d8a808] INFO - [I] broker_t::start...
Nov 05, 2024 23:13:40.727 [0x77a1e3d8a808] INFO - [I] device_manager_t::init.
Nov 05, 2024 23:13:40.727 [0x77a1e3d8a808] INFO - [I] device_manager_t::init. Initialize provider manager
Nov 05, 2024 23:13:40.728 [0x77a1e3d8a808] INFO - [I] device_manager_t::init. Initialize all device auxes
Nov 05, 2024 23:13:40.728 [0x77a1e3d8a808] INFO - [I] dvb_device_factory_t::get_aux_list
Nov 05, 2024 23:13:40.728 [0x77a1e3d8a808] INFO - [I] tvbutler_aux_t::init
Nov 05, 2024 23:13:40.744 [0x77a1e3d8a808] INFO - [I] web_server_t::start. Starting web server on port 32600
Nov 05, 2024 23:13:44.371 [0x77a1e1f8cb38] INFO - [I] web_service_t::process_device_discovery
Nov 05, 2024 23:13:44.371 [0x77a1e1f8cb38] INFO - [I] device_reactor_t::get_device_list ()
Nov 05, 2024 23:13:46.376 [0x77a1e1f8cb38] INFO - [I] SAT2IP - discover_satip_servers(): no servers found
Nov 05, 2024 23:13:46.800 [0x77a1e1f8cb38] INFO - [I] v4l::DeviceGetList_impl. getting v4l device list
Nov 05, 2024 23:13:46.808 [0x77a1e1f8cb38] INFO - [I] onetv_factory::DeviceGetListEx >>
Nov 05, 2024 23:13:46.809 [0x77a1e1f8cb38] WARN - [W] onetv_factory::DeviceGetListEx. libusb_init returned an error -99
Nov 07, 2024 17:21:16.083 [0x77a1e3d8a808] INFO - Received SIGINT: Interrupt from keyboard.
Nov 07, 2024 17:21:16.111 [0x77a1e3d8a808] INFO - [I] device_manager_t::term
Nov 07, 2024 17:21:16.111 [0x77a1e3d8a808] INFO - [I] device_manager_t::term. Stop all devices
Nov 07, 2024 17:21:16.112 [0x77a1e3d8a808] INFO - [I] device_manager_t::term. Shut down all device auxes
Nov 07, 2024 17:21:16.112 [0x77a1e3d8a808] INFO - [I] tvbutler_aux_t::term
Nov 07, 2024 17:21:16.113 [0x77a1e3d8a808] INFO - [I] web_server_t::stop. Web server is stopped
Nov 07, 2024 17:21:16.113 [0x77a1e3d8a808] INFO - [I] device_manager_t::term
Nov 07, 2024 17:21:16.114 [0x77a1e3d8a808] INFO - [I] device_manager_t::term. Stop all devices
Nov 07, 2024 17:21:16.114 [0x77a1e3d8a808] INFO - [I] device_manager_t::term. Shut down all device auxes
Nov 07, 2024 17:21:16.115 [0x77a1e3d8a808] INFO - [I] broker_t::shutdown. Shutdown is completed.
