Nov 05, 2024 23:07:00.409 [0x7b6dc5c39b38] INFO - Plex Tuner Service v1.41.1.9057-af5eaea7a - Docker Docker Container x86_64 - build: 
Nov 05, 2024 23:07:00.410 [0x7b6dc5c39b38] INFO - Linux version: 6.8.0-47-generic (#47-Ubuntu SMP PREEMPT_DYNAMIC Fri Sep 27 21:40:26 UTC 2024), language: en-US
Nov 05, 2024 23:07:00.410 [0x7b6dc5c39b38] INFO - Processor Intel(R) Core(TM) i5-8250U CPU @ 1.60GHz
Nov 05, 2024 23:07:00.411 [0x7b6dc5c39b38] INFO - /usr/lib/plexmediaserver/Plex Tuner Service /usr/lib/plexmediaserver/Resources/Tuner/Private /usr/lib/plexmediaserver/Resources/Tuner/Shared 1.41.1.9057-af5eaea7a 32600
Nov 05, 2024 23:07:00.406 [0x7b6dc77aa808] INFO - [I] broker_t::start...
Nov 05, 2024 23:07:00.419 [0x7b6dc77aa808] INFO - [I] device_manager_t::init.
Nov 05, 2024 23:07:00.419 [0x7b6dc77aa808] INFO - [I] device_manager_t::init. Initialize provider manager
Nov 05, 2024 23:07:00.419 [0x7b6dc77aa808] INFO - [I] device_manager_t::init. Initialize all device auxes
Nov 05, 2024 23:07:00.419 [0x7b6dc77aa808] INFO - [I] dvb_device_factory_t::get_aux_list
Nov 05, 2024 23:07:00.419 [0x7b6dc77aa808] INFO - [I] tvbutler_aux_t::init
Nov 05, 2024 23:07:00.430 [0x7b6dc77aa808] INFO - [I] web_server_t::start. Starting web server on port 32600
Nov 05, 2024 23:07:04.603 [0x7b6dc59acb38] INFO - [I] web_service_t::process_device_discovery
Nov 05, 2024 23:07:04.603 [0x7b6dc59acb38] INFO - [I] device_reactor_t::get_device_list ()
Nov 05, 2024 23:07:06.608 [0x7b6dc59acb38] INFO - [I] SAT2IP - discover_satip_servers(): no servers found
Nov 05, 2024 23:07:07.029 [0x7b6dc59acb38] INFO - [I] v4l::DeviceGetList_impl. getting v4l device list
Nov 05, 2024 23:07:07.041 [0x7b6dc59acb38] INFO - [I] onetv_factory::DeviceGetListEx >>
Nov 05, 2024 23:07:07.041 [0x7b6dc59acb38] WARN - [W] onetv_factory::DeviceGetListEx. libusb_init returned an error -99
Nov 05, 2024 23:08:10.723 [0x7b6dc77aa808] INFO - Received SIGINT: Interrupt from keyboard.
Nov 05, 2024 23:08:10.739 [0x7b6dc77aa808] INFO - [I] device_manager_t::term
Nov 05, 2024 23:08:10.740 [0x7b6dc77aa808] INFO - [I] device_manager_t::term. Stop all devices
Nov 05, 2024 23:08:10.740 [0x7b6dc77aa808] INFO - [I] device_manager_t::term. Shut down all device auxes
Nov 05, 2024 23:08:10.740 [0x7b6dc77aa808] INFO - [I] tvbutler_aux_t::term
Nov 05, 2024 23:08:10.741 [0x7b6dc77aa808] INFO - [I] web_server_t::stop. Web server is stopped
Nov 05, 2024 23:08:10.741 [0x7b6dc77aa808] INFO - [I] device_manager_t::term
Nov 05, 2024 23:08:10.741 [0x7b6dc77aa808] INFO - [I] device_manager_t::term. Stop all devices
Nov 05, 2024 23:08:10.741 [0x7b6dc77aa808] INFO - [I] device_manager_t::term. Shut down all device auxes
Nov 05, 2024 23:08:10.742 [0x7b6dc77aa808] INFO - [I] broker_t::shutdown. Shutdown is completed.
