Nov 07, 2024 21:54:58.837 [138977897978624] INFO - Plex Media Scanner v1.41.1.9057-af5eaea7a - Docker Docker Container x86_64 - build: linux-x86_64 - GMT 00:00
Nov 07, 2024 21:54:58.838 [138977897978624] INFO - Linux version: 6.8.0-47-generic, language: en-US
Nov 07, 2024 21:54:58.838 [138977897978624] INFO - Processor: 8-core Intel(R) Core(TM) i5-8250U CPU @ 1.60GHz
Nov 07, 2024 21:54:58.838 [138977897978624] INFO - /usr/lib/plexmediaserver/Plex Media Scanner --match --type 8 --log-file-suffix  Matcher --item 2 --match-tag-mode=exclusive
Nov 07, 2024 21:54:58.839 [138977898495744] DEBUG - Opening 20 database sessions to library (com.plexapp.plugins.library), SQLite 3.39.4, threadsafe=1
Nov 07, 2024 21:54:59.289 [138977898495744] DEBUG - [MI] Opening input file: "/music/siente màs.mp3"
Nov 07, 2024 21:54:59.289 [138977898495744] DEBUG - [FFMPEG] - Opening '/music/siente màs.mp3' for reading
Nov 07, 2024 21:54:59.289 [138977898495744] DEBUG - [FFMPEG] - Setting default whitelist 'file,crypto,data'
Nov 07, 2024 21:54:59.291 [138977898495744] DEBUG - [FFMPEG] - Format mp3 probed with size=2048 and score=50
Nov 07, 2024 21:54:59.291 [138977898495744] DEBUG - [FFMPEG] - id3v2 ver:4 flags:00 len:1413299
Nov 07, 2024 21:54:59.295 [138977898495744] DEBUG - [FFMPEG] - pad 576 1067
Nov 07, 2024 21:54:59.295 [138977898495744] DEBUG - [FFMPEG] - Before avformat_find_stream_info() pos: 1414077 bytes read:1446067 seeks:0 nb_streams:2
Nov 07, 2024 21:54:59.379 [138977898495744] DEBUG - [FFMPEG] - demuxer injecting skip 1105 / discard 0
Nov 07, 2024 21:54:59.380 [138977898495744] DEBUG - [FFMPEG] - skip 1105 / discard 0 samples due to side data
Nov 07, 2024 21:54:59.380 [138977898495744] DEBUG - [FFMPEG] - skip 1105/1152 samples
Nov 07, 2024 21:54:59.380 [138977898495744] DEBUG - [FFMPEG] - All info found
Nov 07, 2024 21:54:59.381 [138977898495744] DEBUG - [FFMPEG] - After avformat_find_stream_info() pos: 1446845 bytes read:1478835 seeks:0 frames:51
Nov 07, 2024 21:54:59.382 [138977898495744] DEBUG - [MI] Chapters had generic titles, clearing.
Nov 07, 2024 21:54:59.382 [138977898495744] DEBUG - [MI] Closing input file: "/music/siente màs.mp3"
Nov 07, 2024 21:54:59.383 [138977898495744] DEBUG - [MI] Opening input file: "/music/A mì.mp3"
Nov 07, 2024 21:54:59.383 [138977898495744] DEBUG - [FFMPEG] - Opening '/music/A mì.mp3' for reading
Nov 07, 2024 21:54:59.383 [138977898495744] DEBUG - [FFMPEG] - Setting default whitelist 'file,crypto,data'
Nov 07, 2024 21:54:59.384 [138977898495744] DEBUG - [FFMPEG] - Format ogg probed with size=2048 and score=100
Nov 07, 2024 21:54:59.385 [138977898495744] DEBUG - [FFMPEG] - Before avformat_find_stream_info() pos: 12656 bytes read:130843 seeks:3 nb_streams:1
Nov 07, 2024 21:54:59.386 [138977898495744] DEBUG - [FFMPEG] - skip 312 / discard 0 samples due to side data
Nov 07, 2024 21:54:59.386 [138977898495744] DEBUG - [FFMPEG] - skip 312/960 samples
Nov 07, 2024 21:54:59.386 [138977898495744] DEBUG - [FFMPEG] - All info found
Nov 07, 2024 21:54:59.387 [138977898495744] DEBUG - [FFMPEG] - After avformat_find_stream_info() pos: 12656 bytes read:130843 seeks:3 frames:1
Nov 07, 2024 21:54:59.388 [138977898495744] DEBUG - [MI] Chapters had generic titles, clearing.
Nov 07, 2024 21:54:59.388 [138977898495744] DEBUG - [MI] Closing input file: "/music/A mì.mp3"
Nov 07, 2024 21:54:59.388 [138977898495744] DEBUG - [MI] Opening input file: "/music/Pelicula.mp3"
Nov 07, 2024 21:54:59.389 [138977898495744] DEBUG - [FFMPEG] - Opening '/music/Pelicula.mp3' for reading
Nov 07, 2024 21:54:59.389 [138977898495744] DEBUG - [FFMPEG] - Setting default whitelist 'file,crypto,data'
Nov 07, 2024 21:54:59.392 [138977898495744] DEBUG - [FFMPEG] - Format mp3 probed with size=8192 and score=51
Nov 07, 2024 21:54:59.392 [138977898495744] DEBUG - [FFMPEG] - id3v2 ver:4 flags:00 len:35
Nov 07, 2024 21:54:59.393 [138977898495744] DEBUG - [FFMPEG] - pad 576 1476
Nov 07, 2024 21:54:59.393 [138977898495744] DEBUG - [FFMPEG] - Before avformat_find_stream_info() pos: 1089 bytes read:32768 seeks:0 nb_streams:1
Nov 07, 2024 21:54:59.393 [138977898495744] DEBUG - [FFMPEG] - demuxer injecting skip 1105 / discard 0
Nov 07, 2024 21:54:59.394 [138977898495744] DEBUG - [FFMPEG] - skip 1105 / discard 0 samples due to side data
Nov 07, 2024 21:54:59.394 [138977898495744] DEBUG - [FFMPEG] - skip 1105/1152 samples
Nov 07, 2024 21:54:59.395 [138977898495744] DEBUG - [FFMPEG] - All info found
Nov 07, 2024 21:54:59.395 [138977898495744] DEBUG - [FFMPEG] - After avformat_find_stream_info() pos: 54337 bytes read:65536 seeks:0 frames:50
Nov 07, 2024 21:54:59.396 [138977898495744] DEBUG - [MI] Chapters had generic titles, clearing.
Nov 07, 2024 21:54:59.396 [138977898495744] DEBUG - [MI] Closing input file: "/music/Pelicula.mp3"
Nov 07, 2024 21:54:59.396 [138977898495744] DEBUG - [MI] Opening input file: "/music/Solo pienso en ti.mp3"
Nov 07, 2024 21:54:59.396 [138977898495744] DEBUG - [FFMPEG] - Opening '/music/Solo pienso en ti.mp3' for reading
Nov 07, 2024 21:54:59.396 [138977898495744] DEBUG - [FFMPEG] - Setting default whitelist 'file,crypto,data'
Nov 07, 2024 21:54:59.408 [138977898495744] DEBUG - [FFMPEG] - Format mp3 probed with size=32768 and score=51
Nov 07, 2024 21:54:59.408 [138977898495744] DEBUG - [FFMPEG] - id3v2 ver:4 flags:00 len:17039
Nov 07, 2024 21:54:59.409 [138977898495744] DEBUG - [FFMPEG] - pad 576 827
Nov 07, 2024 21:54:59.409 [138977898495744] DEBUG - [FFMPEG] - Before avformat_find_stream_info() pos: 17466 bytes read:32768 seeks:0 nb_streams:2
Nov 07, 2024 21:54:59.409 [138977898495744] DEBUG - [FFMPEG] - marker=d8 avail_size_in_buf=11587
Nov 07, 2024 21:54:59.409 [138977898495744] DEBUG - [FFMPEG] - marker parser used 0 bytes (0 bits)
Nov 07, 2024 21:54:59.409 [138977898495744] DEBUG - [FFMPEG] - marker=e0 avail_size_in_buf=11585
Nov 07, 2024 21:54:59.409 [138977898495744] DEBUG - [FFMPEG] - marker parser used 16 bytes (128 bits)
Nov 07, 2024 21:54:59.409 [138977898495744] DEBUG - [FFMPEG] - marker=db avail_size_in_buf=11567
Nov 07, 2024 21:54:59.409 [138977898495744] DEBUG - [FFMPEG] - index=0
Nov 07, 2024 21:54:59.410 [138977898495744] DEBUG - [FFMPEG] - qscale[0]: 2
Nov 07, 2024 21:54:59.410 [138977898495744] DEBUG - [FFMPEG] - marker parser used 67 bytes (536 bits)
Nov 07, 2024 21:54:59.410 [138977898495744] DEBUG - [FFMPEG] - marker=db avail_size_in_buf=11498
Nov 07, 2024 21:54:59.410 [138977898495744] DEBUG - [FFMPEG] - index=1
Nov 07, 2024 21:54:59.410 [138977898495744] DEBUG - [FFMPEG] - qscale[1]: 5
Nov 07, 2024 21:54:59.410 [138977898495744] DEBUG - [FFMPEG] - marker parser used 67 bytes (536 bits)
Nov 07, 2024 21:54:59.410 [138977898495744] DEBUG - [FFMPEG] - marker=c2 avail_size_in_buf=11429
Nov 07, 2024 21:54:59.410 [138977898495744] DEBUG - [FFMPEG] - Changing bps from 0 to 8
Nov 07, 2024 21:54:59.410 [138977898495744] DEBUG - [FFMPEG] - sof0: picture: 250x250
Nov 07, 2024 21:54:59.410 [138977898495744] DEBUG - [FFMPEG] - component 0 1:1 id: 0 quant:0
Nov 07, 2024 21:54:59.410 [138977898495744] DEBUG - [FFMPEG] - component 1 1:1 id: 1 quant:1
Nov 07, 2024 21:54:59.410 [138977898495744] DEBUG - [FFMPEG] - component 2 1:1 id: 2 quant:1
Nov 07, 2024 21:54:59.410 [138977898495744] DEBUG - [FFMPEG] - pix fmt id 11111100
Nov 07, 2024 21:54:59.410 [138977898495744] DEBUG - [FFMPEG] - Format yuvj444p chosen by get_format().
Nov 07, 2024 21:54:59.410 [138977898495744] DEBUG - [FFMPEG] - marker parser used 17 bytes (136 bits)
Nov 07, 2024 21:54:59.410 [138977898495744] DEBUG - [FFMPEG] - marker=c4 avail_size_in_buf=11410
Nov 07, 2024 21:54:59.410 [138977898495744] DEBUG - [FFMPEG] - marker parser used 0 bytes (0 bits)
Nov 07, 2024 21:54:59.410 [138977898495744] DEBUG - [FFMPEG] - marker=c4 avail_size_in_buf=11381
Nov 07, 2024 21:54:59.410 [138977898495744] DEBUG - [FFMPEG] - marker parser used 0 bytes (0 bits)
Nov 07, 2024 21:54:59.410 [138977898495744] DEBUG - [FFMPEG] - escaping removed 9943 bytes
Nov 07, 2024 21:54:59.410 [138977898495744] DEBUG - [FFMPEG] - marker=da avail_size_in_buf=11353
Nov 07, 2024 21:54:59.410 [138977898495744] DEBUG - [FFMPEG] - marker parser used 1410 bytes (11280 bits)
Nov 07, 2024 21:54:59.410 [138977898495744] DEBUG - [FFMPEG] - escaping removed 8787 bytes
Nov 07, 2024 21:54:59.410 [138977898495744] DEBUG - [FFMPEG] - marker=da avail_size_in_buf=9894
Nov 07, 2024 21:54:59.410 [138977898495744] DEBUG - [FFMPEG] - marker parser used 1107 bytes (8856 bits)
Nov 07, 2024 21:54:59.410 [138977898495744] DEBUG - [FFMPEG] - escaping removed 7896 bytes
Nov 07, 2024 21:54:59.410 [138977898495744] DEBUG - [FFMPEG] - marker=da avail_size_in_buf=8738
Nov 07, 2024 21:54:59.410 [138977898495744] DEBUG - [FFMPEG] - marker parser used 842 bytes (6736 bits)
Nov 07, 2024 21:54:59.410 [138977898495744] DEBUG - [FFMPEG] - marker=c4 avail_size_in_buf=7891
Nov 07, 2024 21:54:59.410 [138977898495744] DEBUG - [FFMPEG] - marker parser used 0 bytes (0 bits)
Nov 07, 2024 21:54:59.410 [138977898495744] DEBUG - [FFMPEG] - escaping removed 7491 bytes
Nov 07, 2024 21:54:59.410 [138977898495744] DEBUG - [FFMPEG] - marker=da avail_size_in_buf=7851
Nov 07, 2024 21:54:59.410 [138977898495744] DEBUG - [FFMPEG] - marker parser used 360 bytes (2880 bits)
Nov 07, 2024 21:54:59.410 [138977898495744] DEBUG - [FFMPEG] - marker=c4 avail_size_in_buf=7488
Nov 07, 2024 21:54:59.410 [138977898495744] DEBUG - [FFMPEG] - marker parser used 0 bytes (0 bits)
Nov 07, 2024 21:54:59.410 [138977898495744] DEBUG - [FFMPEG] - escaping removed 6488 bytes
Nov 07, 2024 21:54:59.410 [138977898495744] DEBUG - [FFMPEG] - marker=da avail_size_in_buf=7435
Nov 07, 2024 21:54:59.410 [138977898495744] DEBUG - [FFMPEG] - marker parser used 947 bytes (7576 bits)
Nov 07, 2024 21:54:59.410 [138977898495744] DEBUG - [FFMPEG] - escaping removed 4877 bytes
Nov 07, 2024 21:54:59.410 [138977898495744] DEBUG - [FFMPEG] - marker=da avail_size_in_buf=6445
Nov 07, 2024 21:54:59.410 [138977898495744] DEBUG - [FFMPEG] - marker parser used 1568 bytes (12544 bits)
Nov 07, 2024 21:54:59.410 [138977898495744] DEBUG - [FFMPEG] - escaping removed 4474 bytes
Nov 07, 2024 21:54:59.410 [138977898495744] DEBUG - [FFMPEG] - marker=da avail_size_in_buf=4871
Nov 07, 2024 21:54:59.410 [138977898495744] DEBUG - [FFMPEG] - marker parser used 397 bytes (3176 bits)
Nov 07, 2024 21:54:59.410 [138977898495744] DEBUG - [FFMPEG] - escaping removed 3488 bytes
Nov 07, 2024 21:54:59.410 [138977898495744] DEBUG - [FFMPEG] - marker=da avail_size_in_buf=4432
Nov 07, 2024 21:54:59.410 [138977898495744] DEBUG - [FFMPEG] - marker parser used 944 bytes (7552 bits)
Nov 07, 2024 21:54:59.410 [138977898495744] DEBUG - [FFMPEG] - marker=c4 avail_size_in_buf=3483
Nov 07, 2024 21:54:59.410 [138977898495744] DEBUG - [FFMPEG] - marker parser used 0 bytes (0 bits)
Nov 07, 2024 21:54:59.410 [138977898495744] DEBUG - [FFMPEG] - escaping removed 2838 bytes
Nov 07, 2024 21:54:59.410 [138977898495744] DEBUG - [FFMPEG] - marker=da avail_size_in_buf=3448
Nov 07, 2024 21:54:59.410 [138977898495744] DEBUG - [FFMPEG] - marker parser used 610 bytes (4880 bits)
Nov 07, 2024 21:54:59.410 [138977898495744] DEBUG - [FFMPEG] - marker=c4 avail_size_in_buf=2835
Nov 07, 2024 21:54:59.410 [138977898495744] DEBUG - [FFMPEG] - marker parser used 0 bytes (0 bits)
Nov 07, 2024 21:54:59.410 [138977898495744] DEBUG - [FFMPEG] - escaping removed 12 bytes
Nov 07, 2024 21:54:59.410 [138977898495744] DEBUG - [FFMPEG] - marker=da avail_size_in_buf=2792
Nov 07, 2024 21:54:59.410 [138977898495744] DEBUG - [FFMPEG] - marker parser used 2780 bytes (22240 bits)
Nov 07, 2024 21:54:59.410 [138977898495744] DEBUG - [FFMPEG] - marker=d9 avail_size_in_buf=0
Nov 07, 2024 21:54:59.410 [138977898495744] DEBUG - [FFMPEG] - decode frame unused 0 bytes
Nov 07, 2024 21:54:59.410 [138977898495744] DEBUG - [FFMPEG] - demuxer injecting skip 1105 / discard 0
Nov 07, 2024 21:54:59.410 [138977898495744] DEBUG - [FFMPEG] - skip 1105 / discard 0 samples due to side data
Nov 07, 2024 21:54:59.410 [138977898495744] DEBUG - [FFMPEG] - skip 1105/1152 samples
Nov 07, 2024 21:54:59.412 [138977898495744] DEBUG - [FFMPEG] - All info found
Nov 07, 2024 21:54:59.412 [138977898495744] DEBUG - [FFMPEG] - After avformat_find_stream_info() pos: 38970 bytes read:65536 seeks:0 frames:51
Nov 07, 2024 21:54:59.413 [138977898495744] DEBUG - [MI] Chapters had generic titles, clearing.
Nov 07, 2024 21:54:59.413 [138977898495744] DEBUG - [MI] Closing input file: "/music/Solo pienso en ti.mp3"
Nov 07, 2024 21:54:59.413 [138977898495744] DEBUG - [MI] Opening input file: "/music/Believer.mp3"
Nov 07, 2024 21:54:59.413 [138977898495744] DEBUG - [FFMPEG] - Opening '/music/Believer.mp3' for reading
Nov 07, 2024 21:54:59.414 [138977898495744] DEBUG - [FFMPEG] - Setting default whitelist 'file,crypto,data'
Nov 07, 2024 21:54:59.968 [138977898495744] DEBUG - [FFMPEG] - Format mp3 probed with size=524288 and score=51
Nov 07, 2024 21:54:59.968 [138977898495744] DEBUG - [FFMPEG] - id3v2 ver:3 flags:00 len:387147
Nov 07, 2024 21:54:59.971 [138977898495744] DEBUG - [FFMPEG] - pad 576 0
Nov 07, 2024 21:54:59.971 [138977898495744] DEBUG - [FFMPEG] - Before avformat_find_stream_info() pos: 388201 bytes read:425984 seeks:0 nb_streams:2
Nov 07, 2024 21:54:59.972 [138977898495744] DEBUG - [FFMPEG] - marker=d8 avail_size_in_buf=259976
Nov 07, 2024 21:54:59.972 [138977898495744] DEBUG - [FFMPEG] - marker parser used 0 bytes (0 bits)
Nov 07, 2024 21:54:59.972 [138977898495744] DEBUG - [FFMPEG] - marker=e0 avail_size_in_buf=259974
Nov 07, 2024 21:54:59.972 [138977898495744] DEBUG - [FFMPEG] - marker parser used 16 bytes (128 bits)
Nov 07, 2024 21:54:59.972 [138977898495744] DEBUG - [FFMPEG] - marker=db avail_size_in_buf=259956
Nov 07, 2024 21:54:59.972 [138977898495744] DEBUG - [FFMPEG] - index=0
Nov 07, 2024 21:54:59.972 [138977898495744] DEBUG - [FFMPEG] - qscale[0]: 2
Nov 07, 2024 21:54:59.972 [138977898495744] DEBUG - [FFMPEG] - marker parser used 67 bytes (536 bits)
Nov 07, 2024 21:54:59.972 [138977898495744] DEBUG - [FFMPEG] - marker=db avail_size_in_buf=259887
Nov 07, 2024 21:54:59.972 [138977898495744] DEBUG - [FFMPEG] - index=1
Nov 07, 2024 21:54:59.972 [138977898495744] DEBUG - [FFMPEG] - qscale[1]: 5
Nov 07, 2024 21:54:59.972 [138977898495744] DEBUG - [FFMPEG] - marker parser used 67 bytes (536 bits)
Nov 07, 2024 21:54:59.972 [138977898495744] DEBUG - [FFMPEG] - marker=c0 avail_size_in_buf=259818
Nov 07, 2024 21:54:59.973 [138977898495744] DEBUG - [FFMPEG] - Changing bps from 0 to 8
Nov 07, 2024 21:54:59.973 [138977898495744] DEBUG - [FFMPEG] - sof0: picture: 1200x1200
Nov 07, 2024 21:54:59.973 [138977898495744] DEBUG - [FFMPEG] - component 0 1:1 id: 0 quant:0
Nov 07, 2024 21:54:59.973 [138977898495744] DEBUG - [FFMPEG] - component 1 1:1 id: 1 quant:1
Nov 07, 2024 21:54:59.973 [138977898495744] DEBUG - [FFMPEG] - component 2 1:1 id: 2 quant:1
Nov 07, 2024 21:54:59.973 [138977898495744] DEBUG - [FFMPEG] - pix fmt id 11111100
Nov 07, 2024 21:54:59.973 [138977898495744] DEBUG - [FFMPEG] - Format yuvj444p chosen by get_format().
Nov 07, 2024 21:54:59.973 [138977898495744] DEBUG - [FFMPEG] - marker parser used 17 bytes (136 bits)
Nov 07, 2024 21:54:59.973 [138977898495744] DEBUG - [FFMPEG] - marker=c4 avail_size_in_buf=259799
Nov 07, 2024 21:54:59.973 [138977898495744] DEBUG - [FFMPEG] - marker parser used 0 bytes (0 bits)
Nov 07, 2024 21:54:59.973 [138977898495744] DEBUG - [FFMPEG] - marker=c4 avail_size_in_buf=259769
Nov 07, 2024 21:54:59.973 [138977898495744] DEBUG - [FFMPEG] - marker parser used 0 bytes (0 bits)
Nov 07, 2024 21:54:59.973 [138977898495744] DEBUG - [FFMPEG] - marker=c4 avail_size_in_buf=259678
Nov 07, 2024 21:54:59.973 [138977898495744] DEBUG - [FFMPEG] - marker parser used 0 bytes (0 bits)
Nov 07, 2024 21:54:59.973 [138977898495744] DEBUG - [FFMPEG] - marker=c4 avail_size_in_buf=259649
Nov 07, 2024 21:54:59.973 [138977898495744] DEBUG - [FFMPEG] - marker parser used 0 bytes (0 bits)
Nov 07, 2024 21:54:59.973 [138977898495744] DEBUG - [FFMPEG] - escaping removed 748 bytes
Nov 07, 2024 21:54:59.973 [138977898495744] DEBUG - [FFMPEG] - marker=da avail_size_in_buf=259578
Nov 07, 2024 21:54:59.973 [138977898495744] DEBUG - [FFMPEG] - marker parser used 258830 bytes (2070640 bits)
Nov 07, 2024 21:54:59.973 [138977898495744] DEBUG - [FFMPEG] - marker=d9 avail_size_in_buf=0
Nov 07, 2024 21:54:59.973 [138977898495744] DEBUG - [FFMPEG] - decode frame unused 0 bytes
Nov 07, 2024 21:54:59.974 [138977898495744] DEBUG - [FFMPEG] - demuxer injecting skip 1105 / discard 0
Nov 07, 2024 21:54:59.974 [138977898495744] DEBUG - [FFMPEG] - skip 1105 / discard 0 samples due to side data
Nov 07, 2024 21:54:59.974 [138977898495744] DEBUG - [FFMPEG] - skip 1105/1152 samples
Nov 07, 2024 21:54:59.975 [138977898495744] DEBUG - [FFMPEG] - All info found
Nov 07, 2024 21:54:59.975 [138977898495744] DEBUG - [FFMPEG] - After avformat_find_stream_info() pos: 441449 bytes read:458752 seeks:0 frames:51
Nov 07, 2024 21:54:59.976 [138977898495744] DEBUG - [MI] Chapters had generic titles, clearing.
Nov 07, 2024 21:54:59.976 [138977898495744] DEBUG - [MI] Closing input file: "/music/Believer.mp3"
Nov 07, 2024 21:54:59.977 [138977898495744] DEBUG - [MI] Opening input file: "/music/Enemy.mp3"
Nov 07, 2024 21:54:59.977 [138977898495744] DEBUG - [FFMPEG] - Opening '/music/Enemy.mp3' for reading
Nov 07, 2024 21:54:59.977 [138977898495744] DEBUG - [FFMPEG] - Setting default whitelist 'file,crypto,data'
Nov 07, 2024 21:55:00.155 [138977898495744] DEBUG - [FFMPEG] - Format mp3 probed with size=262144 and score=51
Nov 07, 2024 21:55:00.155 [138977898495744] DEBUG - [FFMPEG] - id3v2 ver:3 flags:00 len:203870
Nov 07, 2024 21:55:00.156 [138977898495744] DEBUG - [FFMPEG] - pad 576 1439
Nov 07, 2024 21:55:00.156 [138977898495744] DEBUG - [FFMPEG] - Before avformat_find_stream_info() pos: 204088 bytes read:229376 seeks:0 nb_streams:2
Nov 07, 2024 21:55:00.157 [138977898495744] DEBUG - [FFMPEG] - marker=d8 avail_size_in_buf=203662
Nov 07, 2024 21:55:00.157 [138977898495744] DEBUG - [FFMPEG] - marker parser used 0 bytes (0 bits)
Nov 07, 2024 21:55:00.157 [138977898495744] DEBUG - [FFMPEG] - marker=e0 avail_size_in_buf=203660
Nov 07, 2024 21:55:00.157 [138977898495744] DEBUG - [FFMPEG] - marker parser used 16 bytes (128 bits)
Nov 07, 2024 21:55:00.157 [138977898495744] DEBUG - [FFMPEG] - marker=db avail_size_in_buf=203642
Nov 07, 2024 21:55:00.157 [138977898495744] DEBUG - [FFMPEG] - index=0
Nov 07, 2024 21:55:00.157 [138977898495744] DEBUG - [FFMPEG] - qscale[0]: 1
Nov 07, 2024 21:55:00.157 [138977898495744] DEBUG - [FFMPEG] - marker parser used 67 bytes (536 bits)
Nov 07, 2024 21:55:00.157 [138977898495744] DEBUG - [FFMPEG] - marker=db avail_size_in_buf=203573
Nov 07, 2024 21:55:00.157 [138977898495744] DEBUG - [FFMPEG] - index=1
Nov 07, 2024 21:55:00.157 [138977898495744] DEBUG - [FFMPEG] - qscale[1]: 3
Nov 07, 2024 21:55:00.157 [138977898495744] DEBUG - [FFMPEG] - marker parser used 67 bytes (536 bits)
Nov 07, 2024 21:55:00.157 [138977898495744] DEBUG - [FFMPEG] - marker=c0 avail_size_in_buf=203504
Nov 07, 2024 21:55:00.157 [138977898495744] DEBUG - [FFMPEG] - Changing bps from 0 to 8
Nov 07, 2024 21:55:00.157 [138977898495744] DEBUG - [FFMPEG] - sof0: picture: 1059x1059
Nov 07, 2024 21:55:00.157 [138977898495744] DEBUG - [FFMPEG] - component 0 2:2 id: 0 quant:0
Nov 07, 2024 21:55:00.157 [138977898495744] DEBUG - [FFMPEG] - component 1 1:1 id: 1 quant:1
Nov 07, 2024 21:55:00.157 [138977898495744] DEBUG - [FFMPEG] - component 2 1:1 id: 2 quant:1
Nov 07, 2024 21:55:00.157 [138977898495744] DEBUG - [FFMPEG] - pix fmt id 22111100
Nov 07, 2024 21:55:00.157 [138977898495744] DEBUG - [FFMPEG] - Format yuvj420p chosen by get_format().
Nov 07, 2024 21:55:00.157 [138977898495744] DEBUG - [FFMPEG] - marker parser used 17 bytes (136 bits)
Nov 07, 2024 21:55:00.157 [138977898495744] DEBUG - [FFMPEG] - marker=c4 avail_size_in_buf=203485
Nov 07, 2024 21:55:00.157 [138977898495744] DEBUG - [FFMPEG] - marker parser used 0 bytes (0 bits)
Nov 07, 2024 21:55:00.157 [138977898495744] DEBUG - [FFMPEG] - marker=c4 avail_size_in_buf=203454
Nov 07, 2024 21:55:00.157 [138977898495744] DEBUG - [FFMPEG] - marker parser used 0 bytes (0 bits)
Nov 07, 2024 21:55:00.157 [138977898495744] DEBUG - [FFMPEG] - marker=c4 avail_size_in_buf=203345
Nov 07, 2024 21:55:00.157 [138977898495744] DEBUG - [FFMPEG] - marker parser used 0 bytes (0 bits)
Nov 07, 2024 21:55:00.157 [138977898495744] DEBUG - [FFMPEG] - marker=c4 avail_size_in_buf=203315
Nov 07, 2024 21:55:00.157 [138977898495744] DEBUG - [FFMPEG] - marker parser used 0 bytes (0 bits)
Nov 07, 2024 21:55:00.158 [138977898495744] DEBUG - [FFMPEG] - escaping removed 616 bytes
Nov 07, 2024 21:55:00.158 [138977898495744] DEBUG - [FFMPEG] - marker=da avail_size_in_buf=203236
Nov 07, 2024 21:55:00.158 [138977898495744] DEBUG - [FFMPEG] - marker parser used 202620 bytes (1620960 bits)
Nov 07, 2024 21:55:00.158 [138977898495744] DEBUG - [FFMPEG] - marker=d9 avail_size_in_buf=0
Nov 07, 2024 21:55:00.158 [138977898495744] DEBUG - [FFMPEG] - decode frame unused 0 bytes
Nov 07, 2024 21:55:00.158 [138977898495744] DEBUG - [FFMPEG] - demuxer injecting skip 1105 / discard 0
Nov 07, 2024 21:55:00.158 [138977898495744] DEBUG - [FFMPEG] - skip 1105 / discard 0 samples due to side data
Nov 07, 2024 21:55:00.158 [138977898495744] DEBUG - [FFMPEG] - skip 1105/1152 samples
Nov 07, 2024 21:55:00.160 [138977898495744] DEBUG - [FFMPEG] - All info found
Nov 07, 2024 21:55:00.160 [138977898495744] DEBUG - [FFMPEG] - After avformat_find_stream_info() pos: 221496 bytes read:229376 seeks:0 frames:51
Nov 07, 2024 21:55:00.160 [138977898495744] DEBUG - [MI] Chapters had generic titles, clearing.
Nov 07, 2024 21:55:00.161 [138977898495744] DEBUG - [MI] Closing input file: "/music/Enemy.mp3"
Nov 07, 2024 21:55:00.161 [138977898495744] DEBUG - [MI] Opening input file: "/music/Forever Alone.mp3"
Nov 07, 2024 21:55:00.161 [138977898495744] DEBUG - [FFMPEG] - Opening '/music/Forever Alone.mp3' for reading
Nov 07, 2024 21:55:00.161 [138977898495744] DEBUG - [FFMPEG] - Setting default whitelist 'file,crypto,data'
Nov 07, 2024 21:55:00.766 [138977898495744] DEBUG - [FFMPEG] - Format mp3 probed with size=524288 and score=51
Nov 07, 2024 21:55:00.766 [138977898495744] DEBUG - [FFMPEG] - id3v2 ver:3 flags:00 len:403729
Nov 07, 2024 21:55:00.768 [138977898495744] DEBUG - [FFMPEG] - pad 576 0
Nov 07, 2024 21:55:00.769 [138977898495744] DEBUG - [FFMPEG] - Before avformat_find_stream_info() pos: 404783 bytes read:425984 seeks:0 nb_streams:2
Nov 07, 2024 21:55:00.770 [138977898495744] DEBUG - [FFMPEG] - marker=d8 avail_size_in_buf=398520
Nov 07, 2024 21:55:00.770 [138977898495744] DEBUG - [FFMPEG] - marker parser used 0 bytes (0 bits)
Nov 07, 2024 21:55:00.770 [138977898495744] DEBUG - [FFMPEG] - marker=e0 avail_size_in_buf=398518
Nov 07, 2024 21:55:00.770 [138977898495744] DEBUG - [FFMPEG] - marker parser used 16 bytes (128 bits)
Nov 07, 2024 21:55:00.770 [138977898495744] DEBUG - [FFMPEG] - marker=db avail_size_in_buf=398500
Nov 07, 2024 21:55:00.770 [138977898495744] DEBUG - [FFMPEG] - index=0
Nov 07, 2024 21:55:00.770 [138977898495744] DEBUG - [FFMPEG] - qscale[0]: 1
Nov 07, 2024 21:55:00.770 [138977898495744] DEBUG - [FFMPEG] - marker parser used 67 bytes (536 bits)
Nov 07, 2024 21:55:00.770 [138977898495744] DEBUG - [FFMPEG] - marker=db avail_size_in_buf=398431
Nov 07, 2024 21:55:00.770 [138977898495744] DEBUG - [FFMPEG] - index=1
Nov 07, 2024 21:55:00.770 [138977898495744] DEBUG - [FFMPEG] - qscale[1]: 1
Nov 07, 2024 21:55:00.770 [138977898495744] DEBUG - [FFMPEG] - marker parser used 67 bytes (536 bits)
Nov 07, 2024 21:55:00.770 [138977898495744] DEBUG - [FFMPEG] - marker=c2 avail_size_in_buf=398362
Nov 07, 2024 21:55:00.770 [138977898495744] DEBUG - [FFMPEG] - Changing bps from 0 to 8
Nov 07, 2024 21:55:00.770 [138977898495744] DEBUG - [FFMPEG] - sof0: picture: 1400x1400
Nov 07, 2024 21:55:00.770 [138977898495744] DEBUG - [FFMPEG] - component 0 1:1 id: 0 quant:0
Nov 07, 2024 21:55:00.770 [138977898495744] DEBUG - [FFMPEG] - component 1 1:1 id: 1 quant:1
Nov 07, 2024 21:55:00.770 [138977898495744] DEBUG - [FFMPEG] - component 2 1:1 id: 2 quant:1
Nov 07, 2024 21:55:00.770 [138977898495744] DEBUG - [FFMPEG] - pix fmt id 11111100
Nov 07, 2024 21:55:00.770 [138977898495744] DEBUG - [FFMPEG] - Format yuvj444p chosen by get_format().
Nov 07, 2024 21:55:00.770 [138977898495744] DEBUG - [FFMPEG] - marker parser used 17 bytes (136 bits)
Nov 07, 2024 21:55:00.770 [138977898495744] DEBUG - [FFMPEG] - marker=c4 avail_size_in_buf=398343
Nov 07, 2024 21:55:00.770 [138977898495744] DEBUG - [FFMPEG] - marker parser used 0 bytes (0 bits)
Nov 07, 2024 21:55:00.770 [138977898495744] DEBUG - [FFMPEG] - marker=c4 avail_size_in_buf=398312
Nov 07, 2024 21:55:00.770 [138977898495744] DEBUG - [FFMPEG] - marker parser used 0 bytes (0 bits)
Nov 07, 2024 21:55:00.770 [138977898495744] DEBUG - [FFMPEG] - escaping removed 366318 bytes
Nov 07, 2024 21:55:00.770 [138977898495744] DEBUG - [FFMPEG] - marker=da avail_size_in_buf=398282
Nov 07, 2024 21:55:00.770 [138977898495744] DEBUG - [FFMPEG] - marker parser used 31964 bytes (255712 bits)
Nov 07, 2024 21:55:00.770 [138977898495744] DEBUG - [FFMPEG] - marker=c4 avail_size_in_buf=366304
Nov 07, 2024 21:55:00.770 [138977898495744] DEBUG - [FFMPEG] - marker parser used 0 bytes (0 bits)
Nov 07, 2024 21:55:00.770 [138977898495744] DEBUG - [FFMPEG] - escaping removed 297631 bytes
Nov 07, 2024 21:55:00.770 [138977898495744] DEBUG - [FFMPEG] - marker=da avail_size_in_buf=366247
Nov 07, 2024 21:55:00.770 [138977898495744] DEBUG - [FFMPEG] - marker parser used 68616 bytes (548928 bits)
Nov 07, 2024 21:55:00.770 [138977898495744] DEBUG - [FFMPEG] - marker=c4 avail_size_in_buf=297339
Nov 07, 2024 21:55:00.770 [138977898495744] DEBUG - [FFMPEG] - marker parser used 0 bytes (0 bits)
Nov 07, 2024 21:55:00.770 [138977898495744] DEBUG - [FFMPEG] - escaping removed 292931 bytes
Nov 07, 2024 21:55:00.770 [138977898495744] DEBUG - [FFMPEG] - marker=da avail_size_in_buf=297269
Nov 07, 2024 21:55:00.770 [138977898495744] DEBUG - [FFMPEG] - marker parser used 4338 bytes (34704 bits)
Nov 07, 2024 21:55:00.770 [138977898495744] DEBUG - [FFMPEG] - marker=c4 avail_size_in_buf=292917
Nov 07, 2024 21:55:00.770 [138977898495744] DEBUG - [FFMPEG] - marker parser used 0 bytes (0 bits)
Nov 07, 2024 21:55:00.770 [138977898495744] DEBUG - [FFMPEG] - escaping removed 290978 bytes
Nov 07, 2024 21:55:00.770 [138977898495744] DEBUG - [FFMPEG] - marker=da avail_size_in_buf=292866
Nov 07, 2024 21:55:00.770 [138977898495744] DEBUG - [FFMPEG] - marker parser used 1888 bytes (15104 bits)
Nov 07, 2024 21:55:00.770 [138977898495744] DEBUG - [FFMPEG] - marker=c4 avail_size_in_buf=290966
Nov 07, 2024 21:55:00.770 [138977898495744] DEBUG - [FFMPEG] - marker parser used 0 bytes (0 bits)
Nov 07, 2024 21:55:00.771 [138977898495744] DEBUG - [FFMPEG] - escaping removed 236743 bytes
Nov 07, 2024 21:55:00.771 [138977898495744] DEBUG - [FFMPEG] - marker=da avail_size_in_buf=290888
Nov 07, 2024 21:55:00.771 [138977898495744] DEBUG - [FFMPEG] - marker parser used 54145 bytes (433160 bits)
Nov 07, 2024 21:55:00.771 [138977898495744] DEBUG - [FFMPEG] - marker=c4 avail_size_in_buf=236503
Nov 07, 2024 21:55:00.771 [138977898495744] DEBUG - [FFMPEG] - marker parser used 0 bytes (0 bits)
Nov 07, 2024 21:55:00.771 [138977898495744] DEBUG - [FFMPEG] - escaping removed 148344 bytes
Nov 07, 2024 21:55:00.771 [138977898495744] DEBUG - [FFMPEG] - marker=da avail_size_in_buf=236462
Nov 07, 2024 21:55:00.771 [138977898495744] DEBUG - [FFMPEG] - marker parser used 88118 bytes (704944 bits)
Nov 07, 2024 21:55:00.771 [138977898495744] DEBUG - [FFMPEG] - escaping removed 136698 bytes
Nov 07, 2024 21:55:00.771 [138977898495744] DEBUG - [FFMPEG] - marker=da avail_size_in_buf=148196
Nov 07, 2024 21:55:00.771 [138977898495744] DEBUG - [FFMPEG] - marker parser used 11498 bytes (91984 bits)
Nov 07, 2024 21:55:00.771 [138977898495744] DEBUG - [FFMPEG] - marker=c4 avail_size_in_buf=136694
Nov 07, 2024 21:55:00.771 [138977898495744] DEBUG - [FFMPEG] - marker parser used 0 bytes (0 bits)
Nov 07, 2024 21:55:00.771 [138977898495744] DEBUG - [FFMPEG] - escaping removed 133463 bytes
Nov 07, 2024 21:55:00.771 [138977898495744] DEBUG - [FFMPEG] - marker=da avail_size_in_buf=136645
Nov 07, 2024 21:55:00.771 [138977898495744] DEBUG - [FFMPEG] - marker parser used 3182 bytes (25456 bits)
Nov 07, 2024 21:55:00.771 [138977898495744] DEBUG - [FFMPEG] - marker=c4 avail_size_in_buf=133444
Nov 07, 2024 21:55:00.771 [138977898495744] DEBUG - [FFMPEG] - marker parser used 0 bytes (0 bits)
Nov 07, 2024 21:55:00.771 [138977898495744] DEBUG - [FFMPEG] - escaping removed 131715 bytes
Nov 07, 2024 21:55:00.771 [138977898495744] DEBUG - [FFMPEG] - marker=da avail_size_in_buf=133398
Nov 07, 2024 21:55:00.771 [138977898495744] DEBUG - [FFMPEG] - marker parser used 1683 bytes (13464 bits)
Nov 07, 2024 21:55:00.771 [138977898495744] DEBUG - [FFMPEG] - marker=c4 avail_size_in_buf=131710
Nov 07, 2024 21:55:00.771 [138977898495744] DEBUG - [FFMPEG] - marker parser used 0 bytes (0 bits)
Nov 07, 2024 21:55:00.771 [138977898495744] DEBUG - [FFMPEG] - escaping removed 481 bytes
Nov 07, 2024 21:55:00.771 [138977898495744] DEBUG - [FFMPEG] - marker=da avail_size_in_buf=131670
Nov 07, 2024 21:55:00.771 [138977898495744] DEBUG - [FFMPEG] - marker parser used 131189 bytes (1049512 bits)
Nov 07, 2024 21:55:00.771 [138977898495744] DEBUG - [FFMPEG] - marker=d9 avail_size_in_buf=0
Nov 07, 2024 21:55:00.771 [138977898495744] DEBUG - [FFMPEG] - decode frame unused 0 bytes
Nov 07, 2024 21:55:00.771 [138977898495744] DEBUG - [FFMPEG] - demuxer injecting skip 1105 / discard 0
Nov 07, 2024 21:55:00.772 [138977898495744] DEBUG - [FFMPEG] - skip 1105 / discard 0 samples due to side data
Nov 07, 2024 21:55:00.772 [138977898495744] DEBUG - [FFMPEG] - skip 1105/1152 samples
Nov 07, 2024 21:55:00.773 [138977898495744] DEBUG - [FFMPEG] - All info found
Nov 07, 2024 21:55:00.773 [138977898495744] DEBUG - [FFMPEG] - After avformat_find_stream_info() pos: 458031 bytes read:458752 seeks:0 frames:51
Nov 07, 2024 21:55:00.773 [138977898495744] DEBUG - [MI] Chapters had generic titles, clearing.
Nov 07, 2024 21:55:00.773 [138977898495744] DEBUG - [MI] Closing input file: "/music/Forever Alone.mp3"
Nov 07, 2024 21:55:00.774 [138977898495744] DEBUG - [MI] Opening input file: "/music/Recièn soltera.mp3"
Nov 07, 2024 21:55:00.774 [138977898495744] DEBUG - [FFMPEG] - Opening '/music/Recièn soltera.mp3' for reading
Nov 07, 2024 21:55:00.774 [138977898495744] DEBUG - [FFMPEG] - Setting default whitelist 'file,crypto,data'
Nov 07, 2024 21:55:00.865 [138977898495744] DEBUG - [FFMPEG] - Format mp3 probed with size=262144 and score=51
Nov 07, 2024 21:55:00.865 [138977898495744] DEBUG - [FFMPEG] - id3v2 ver:3 flags:00 len:148646
Nov 07, 2024 21:55:00.866 [138977898495744] DEBUG - [FFMPEG] - Before avformat_find_stream_info() pos: 149073 bytes read:163840 seeks:0 nb_streams:2
Nov 07, 2024 21:55:00.866 [138977898495744] DEBUG - [FFMPEG] - marker=d8 avail_size_in_buf=143783
Nov 07, 2024 21:55:00.866 [138977898495744] DEBUG - [FFMPEG] - marker parser used 0 bytes (0 bits)
Nov 07, 2024 21:55:00.866 [138977898495744] DEBUG - [FFMPEG] - marker=e0 avail_size_in_buf=143781
Nov 07, 2024 21:55:00.866 [138977898495744] DEBUG - [FFMPEG] - marker parser used 16 bytes (128 bits)
Nov 07, 2024 21:55:00.866 [138977898495744] DEBUG - [FFMPEG] - marker=db avail_size_in_buf=143763
Nov 07, 2024 21:55:00.866 [138977898495744] DEBUG - [FFMPEG] - index=0
Nov 07, 2024 21:55:00.866 [138977898495744] DEBUG - [FFMPEG] - qscale[0]: 2
Nov 07, 2024 21:55:00.866 [138977898495744] DEBUG - [FFMPEG] - marker parser used 67 bytes (536 bits)
Nov 07, 2024 21:55:00.866 [138977898495744] DEBUG - [FFMPEG] - marker=db avail_size_in_buf=143694
Nov 07, 2024 21:55:00.866 [138977898495744] DEBUG - [FFMPEG] - index=1
Nov 07, 2024 21:55:00.866 [138977898495744] DEBUG - [FFMPEG] - qscale[1]: 5
Nov 07, 2024 21:55:00.866 [138977898495744] DEBUG - [FFMPEG] - marker parser used 67 bytes (536 bits)
Nov 07, 2024 21:55:00.866 [138977898495744] DEBUG - [FFMPEG] - marker=c2 avail_size_in_buf=143625
Nov 07, 2024 21:55:00.866 [138977898495744] DEBUG - [FFMPEG] - Changing bps from 0 to 8
Nov 07, 2024 21:55:00.866 [138977898495744] DEBUG - [FFMPEG] - sof0: picture: 1200x1200
Nov 07, 2024 21:55:00.866 [138977898495744] DEBUG - [FFMPEG] - component 0 2:2 id: 0 quant:0
Nov 07, 2024 21:55:00.866 [138977898495744] DEBUG - [FFMPEG] - component 1 1:1 id: 1 quant:1
Nov 07, 2024 21:55:00.866 [138977898495744] DEBUG - [FFMPEG] - component 2 1:1 id: 2 quant:1
Nov 07, 2024 21:55:00.866 [138977898495744] DEBUG - [FFMPEG] - pix fmt id 22111100
Nov 07, 2024 21:55:00.866 [138977898495744] DEBUG - [FFMPEG] - Format yuvj420p chosen by get_format().
Nov 07, 2024 21:55:00.866 [138977898495744] DEBUG - [FFMPEG] - marker parser used 17 bytes (136 bits)
Nov 07, 2024 21:55:00.866 [138977898495744] DEBUG - [FFMPEG] - marker=c4 avail_size_in_buf=143606
Nov 07, 2024 21:55:00.866 [138977898495744] DEBUG - [FFMPEG] - marker parser used 0 bytes (0 bits)
Nov 07, 2024 21:55:00.866 [138977898495744] DEBUG - [FFMPEG] - marker=c4 avail_size_in_buf=143576
Nov 07, 2024 21:55:00.866 [138977898495744] DEBUG - [FFMPEG] - marker parser used 0 bytes (0 bits)
Nov 07, 2024 21:55:00.867 [138977898495744] DEBUG - [FFMPEG] - escaping removed 122167 bytes
Nov 07, 2024 21:55:00.867 [138977898495744] DEBUG - [FFMPEG] - marker=da avail_size_in_buf=143549
Nov 07, 2024 21:55:00.867 [138977898495744] DEBUG - [FFMPEG] - marker parser used 21382 bytes (171056 bits)
Nov 07, 2024 21:55:00.867 [138977898495744] DEBUG - [FFMPEG] - marker=c4 avail_size_in_buf=122158
Nov 07, 2024 21:55:00.867 [138977898495744] DEBUG - [FFMPEG] - marker parser used 0 bytes (0 bits)
Nov 07, 2024 21:55:00.867 [138977898495744] DEBUG - [FFMPEG] - escaping removed 100139 bytes
Nov 07, 2024 21:55:00.867 [138977898495744] DEBUG - [FFMPEG] - marker=da avail_size_in_buf=122110
Nov 07, 2024 21:55:00.867 [138977898495744] DEBUG - [FFMPEG] - marker parser used 21971 bytes (175768 bits)
Nov 07, 2024 21:55:00.867 [138977898495744] DEBUG - [FFMPEG] - marker=c4 avail_size_in_buf=100055
Nov 07, 2024 21:55:00.867 [138977898495744] DEBUG - [FFMPEG] - marker parser used 0 bytes (0 bits)
Nov 07, 2024 21:55:00.867 [138977898495744] DEBUG - [FFMPEG] - escaping removed 96588 bytes
Nov 07, 2024 21:55:00.867 [138977898495744] DEBUG - [FFMPEG] - marker=da avail_size_in_buf=100014
Nov 07, 2024 21:55:00.867 [138977898495744] DEBUG - [FFMPEG] - marker parser used 3426 bytes (27408 bits)
Nov 07, 2024 21:55:00.867 [138977898495744] DEBUG - [FFMPEG] - marker=c4 avail_size_in_buf=96577
Nov 07, 2024 21:55:00.867 [138977898495744] DEBUG - [FFMPEG] - marker parser used 0 bytes (0 bits)
Nov 07, 2024 21:55:00.867 [138977898495744] DEBUG - [FFMPEG] - escaping removed 93904 bytes
Nov 07, 2024 21:55:00.867 [138977898495744] DEBUG - [FFMPEG] - marker=da avail_size_in_buf=96539
Nov 07, 2024 21:55:00.867 [138977898495744] DEBUG - [FFMPEG] - marker parser used 2635 bytes (21080 bits)
Nov 07, 2024 21:55:00.867 [138977898495744] DEBUG - [FFMPEG] - marker=c4 avail_size_in_buf=93897
Nov 07, 2024 21:55:00.867 [138977898495744] DEBUG - [FFMPEG] - marker parser used 0 bytes (0 bits)
Nov 07, 2024 21:55:00.867 [138977898495744] DEBUG - [FFMPEG] - escaping removed 90689 bytes
Nov 07, 2024 21:55:00.867 [138977898495744] DEBUG - [FFMPEG] - marker=da avail_size_in_buf=93839
Nov 07, 2024 21:55:00.867 [138977898495744] DEBUG - [FFMPEG] - marker parser used 3150 bytes (25200 bits)
Nov 07, 2024 21:55:00.867 [138977898495744] DEBUG - [FFMPEG] - marker=c4 avail_size_in_buf=90682
Nov 07, 2024 21:55:00.867 [138977898495744] DEBUG - [FFMPEG] - marker parser used 0 bytes (0 bits)
Nov 07, 2024 21:55:00.867 [138977898495744] DEBUG - [FFMPEG] - escaping removed 66047 bytes
Nov 07, 2024 21:55:00.867 [138977898495744] DEBUG - [FFMPEG] - marker=da avail_size_in_buf=90639
Nov 07, 2024 21:55:00.867 [138977898495744] DEBUG - [FFMPEG] - marker parser used 24592 bytes (196736 bits)
Nov 07, 2024 21:55:00.867 [138977898495744] DEBUG - [FFMPEG] - escaping removed 61748 bytes
Nov 07, 2024 21:55:00.867 [138977898495744] DEBUG - [FFMPEG] - marker=da avail_size_in_buf=65980
Nov 07, 2024 21:55:00.867 [138977898495744] DEBUG - [FFMPEG] - marker parser used 4232 bytes (33856 bits)
Nov 07, 2024 21:55:00.867 [138977898495744] DEBUG - [FFMPEG] - marker=c4 avail_size_in_buf=61729
Nov 07, 2024 21:55:00.867 [138977898495744] DEBUG - [FFMPEG] - marker parser used 0 bytes (0 bits)
Nov 07, 2024 21:55:00.867 [138977898495744] DEBUG - [FFMPEG] - escaping removed 57031 bytes
Nov 07, 2024 21:55:00.867 [138977898495744] DEBUG - [FFMPEG] - marker=da avail_size_in_buf=61693
Nov 07, 2024 21:55:00.867 [138977898495744] DEBUG - [FFMPEG] - marker parser used 4662 bytes (37296 bits)
Nov 07, 2024 21:55:00.867 [138977898495744] DEBUG - [FFMPEG] - marker=c4 avail_size_in_buf=57000
Nov 07, 2024 21:55:00.867 [138977898495744] DEBUG - [FFMPEG] - marker parser used 0 bytes (0 bits)
Nov 07, 2024 21:55:00.867 [138977898495744] DEBUG - [FFMPEG] - escaping removed 52855 bytes
Nov 07, 2024 21:55:00.867 [138977898495744] DEBUG - [FFMPEG] - marker=da avail_size_in_buf=56964
Nov 07, 2024 21:55:00.867 [138977898495744] DEBUG - [FFMPEG] - marker parser used 4109 bytes (32872 bits)
Nov 07, 2024 21:55:00.867 [138977898495744] DEBUG - [FFMPEG] - marker=c4 avail_size_in_buf=52838
Nov 07, 2024 21:55:00.867 [138977898495744] DEBUG - [FFMPEG] - marker parser used 0 bytes (0 bits)
Nov 07, 2024 21:55:00.867 [138977898495744] DEBUG - [FFMPEG] - escaping removed 190 bytes
Nov 07, 2024 21:55:00.867 [138977898495744] DEBUG - [FFMPEG] - marker=da avail_size_in_buf=52797
Nov 07, 2024 21:55:00.867 [138977898495744] DEBUG - [FFMPEG] - marker parser used 52607 bytes (420856 bits)
Nov 07, 2024 21:55:00.867 [138977898495744] DEBUG - [FFMPEG] - marker=d9 avail_size_in_buf=0
Nov 07, 2024 21:55:00.867 [138977898495744] DEBUG - [FFMPEG] - decode frame unused 0 bytes
Nov 07, 2024 21:55:00.869 [138977898495744] DEBUG - [FFMPEG] - All info found
Nov 07, 2024 21:55:00.869 [138977898495744] DEBUG - [FFMPEG] - After avformat_find_stream_info() pos: 170577 bytes read:196608 seeks:0 frames:51
Nov 07, 2024 21:55:00.870 [138977898495744] DEBUG - [MI] Chapters had generic titles, clearing.
Nov 07, 2024 21:55:00.870 [138977898495744] DEBUG - [MI] Closing input file: "/music/Recièn soltera.mp3"
Nov 07, 2024 21:55:00.870 [138977898495744] DEBUG - [MI] Opening input file: "/music/She don`t give a fo.mp3"
Nov 07, 2024 21:55:00.870 [138977898495744] DEBUG - [FFMPEG] - Opening '/music/She don`t give a fo.mp3' for reading
Nov 07, 2024 21:55:00.870 [138977898495744] DEBUG - [FFMPEG] - Setting default whitelist 'file,crypto,data'
Nov 07, 2024 21:55:00.891 [138977898495744] DEBUG - [FFMPEG] - Format mp3 probed with size=65536 and score=51
Nov 07, 2024 21:55:00.891 [138977898495744] DEBUG - [FFMPEG] - id3v2 ver:3 flags:00 len:43870
Nov 07, 2024 21:55:00.891 [138977898495744] DEBUG - [FFMPEG] - pad 576 0
Nov 07, 2024 21:55:00.891 [138977898495744] DEBUG - [FFMPEG] - Before avformat_find_stream_info() pos: 44297 bytes read:65536 seeks:0 nb_streams:2
Nov 07, 2024 21:55:00.892 [138977898495744] DEBUG - [FFMPEG] - marker=d8 avail_size_in_buf=33989
Nov 07, 2024 21:55:00.892 [138977898495744] DEBUG - [FFMPEG] - marker parser used 0 bytes (0 bits)
Nov 07, 2024 21:55:00.892 [138977898495744] DEBUG - [FFMPEG] - marker=e0 avail_size_in_buf=33987
Nov 07, 2024 21:55:00.892 [138977898495744] DEBUG - [FFMPEG] - marker parser used 16 bytes (128 bits)
Nov 07, 2024 21:55:00.892 [138977898495744] DEBUG - [FFMPEG] - marker=db avail_size_in_buf=33969
Nov 07, 2024 21:55:00.892 [138977898495744] DEBUG - [FFMPEG] - index=0
Nov 07, 2024 21:55:00.892 [138977898495744] DEBUG - [FFMPEG] - qscale[0]: 3
Nov 07, 2024 21:55:00.892 [138977898495744] DEBUG - [FFMPEG] - marker parser used 67 bytes (536 bits)
Nov 07, 2024 21:55:00.892 [138977898495744] DEBUG - [FFMPEG] - marker=db avail_size_in_buf=33900
Nov 07, 2024 21:55:00.892 [138977898495744] DEBUG - [FFMPEG] - index=1
Nov 07, 2024 21:55:00.892 [138977898495744] DEBUG - [FFMPEG] - qscale[1]: 7
Nov 07, 2024 21:55:00.892 [138977898495744] DEBUG - [FFMPEG] - marker parser used 67 bytes (536 bits)
Nov 07, 2024 21:55:00.892 [138977898495744] DEBUG - [FFMPEG] - marker=c2 avail_size_in_buf=33831
Nov 07, 2024 21:55:00.892 [138977898495744] DEBUG - [FFMPEG] - Changing bps from 0 to 8
Nov 07, 2024 21:55:00.892 [138977898495744] DEBUG - [FFMPEG] - sof0: picture: 720x720
Nov 07, 2024 21:55:00.892 [138977898495744] DEBUG - [FFMPEG] - component 0 2:2 id: 0 quant:0
Nov 07, 2024 21:55:00.892 [138977898495744] DEBUG - [FFMPEG] - component 1 1:1 id: 1 quant:1
Nov 07, 2024 21:55:00.892 [138977898495744] DEBUG - [FFMPEG] - component 2 1:1 id: 2 quant:1
Nov 07, 2024 21:55:00.892 [138977898495744] DEBUG - [FFMPEG] - pix fmt id 22111100
Nov 07, 2024 21:55:00.892 [138977898495744] DEBUG - [FFMPEG] - Format yuvj420p chosen by get_format().
Nov 07, 2024 21:55:00.892 [138977898495744] DEBUG - [FFMPEG] - marker parser used 17 bytes (136 bits)
Nov 07, 2024 21:55:00.892 [138977898495744] DEBUG - [FFMPEG] - marker=c4 avail_size_in_buf=33812
Nov 07, 2024 21:55:00.892 [138977898495744] DEBUG - [FFMPEG] - marker parser used 0 bytes (0 bits)
Nov 07, 2024 21:55:00.892 [138977898495744] DEBUG - [FFMPEG] - marker=c4 avail_size_in_buf=33784
Nov 07, 2024 21:55:00.892 [138977898495744] DEBUG - [FFMPEG] - marker parser used 0 bytes (0 bits)
Nov 07, 2024 21:55:00.892 [138977898495744] DEBUG - [FFMPEG] - escaping removed 29546 bytes
Nov 07, 2024 21:55:00.892 [138977898495744] DEBUG - [FFMPEG] - marker=da avail_size_in_buf=33757
Nov 07, 2024 21:55:00.892 [138977898495744] DEBUG - [FFMPEG] - marker parser used 4211 bytes (33688 bits)
Nov 07, 2024 21:55:00.892 [138977898495744] DEBUG - [FFMPEG] - marker=c4 avail_size_in_buf=29532
Nov 07, 2024 21:55:00.892 [138977898495744] DEBUG - [FFMPEG] - marker parser used 0 bytes (0 bits)
Nov 07, 2024 21:55:00.892 [138977898495744] DEBUG - [FFMPEG] - escaping removed 27111 bytes
Nov 07, 2024 21:55:00.892 [138977898495744] DEBUG - [FFMPEG] - marker=da avail_size_in_buf=29483
Nov 07, 2024 21:55:00.892 [138977898495744] DEBUG - [FFMPEG] - marker parser used 2372 bytes (18976 bits)
Nov 07, 2024 21:55:00.892 [138977898495744] DEBUG - [FFMPEG] - marker=c4 avail_size_in_buf=27100
Nov 07, 2024 21:55:00.892 [138977898495744] DEBUG - [FFMPEG] - marker parser used 0 bytes (0 bits)
Nov 07, 2024 21:55:00.892 [138977898495744] DEBUG - [FFMPEG] - escaping removed 26123 bytes
Nov 07, 2024 21:55:00.892 [138977898495744] DEBUG - [FFMPEG] - marker=da avail_size_in_buf=27054
Nov 07, 2024 21:55:00.892 [138977898495744] DEBUG - [FFMPEG] - marker parser used 931 bytes (7448 bits)
Nov 07, 2024 21:55:00.892 [138977898495744] DEBUG - [FFMPEG] - marker=c4 avail_size_in_buf=26121
Nov 07, 2024 21:55:00.892 [138977898495744] DEBUG - [FFMPEG] - marker parser used 0 bytes (0 bits)
Nov 07, 2024 21:55:00.892 [138977898495744] DEBUG - [FFMPEG] - escaping removed 25492 bytes
Nov 07, 2024 21:55:00.892 [138977898495744] DEBUG - [FFMPEG] - marker=da avail_size_in_buf=26080
Nov 07, 2024 21:55:00.892 [138977898495744] DEBUG - [FFMPEG] - marker parser used 588 bytes (4704 bits)
Nov 07, 2024 21:55:00.892 [138977898495744] DEBUG - [FFMPEG] - marker=c4 avail_size_in_buf=25490
Nov 07, 2024 21:55:00.892 [138977898495744] DEBUG - [FFMPEG] - marker parser used 0 bytes (0 bits)
Nov 07, 2024 21:55:00.892 [138977898495744] DEBUG - [FFMPEG] - escaping removed 24616 bytes
Nov 07, 2024 21:55:00.892 [138977898495744] DEBUG - [FFMPEG] - marker=da avail_size_in_buf=25443
Nov 07, 2024 21:55:00.892 [138977898495744] DEBUG - [FFMPEG] - marker parser used 827 bytes (6616 bits)
Nov 07, 2024 21:55:00.892 [138977898495744] DEBUG - [FFMPEG] - marker=c4 avail_size_in_buf=24613
Nov 07, 2024 21:55:00.892 [138977898495744] DEBUG - [FFMPEG] - marker parser used 0 bytes (0 bits)
Nov 07, 2024 21:55:00.892 [138977898495744] DEBUG - [FFMPEG] - escaping removed 21080 bytes
Nov 07, 2024 21:55:00.892 [138977898495744] DEBUG - [FFMPEG] - marker=da avail_size_in_buf=24572
Nov 07, 2024 21:55:00.892 [138977898495744] DEBUG - [FFMPEG] - marker parser used 3492 bytes (27936 bits)
Nov 07, 2024 21:55:00.892 [138977898495744] DEBUG - [FFMPEG] - escaping removed 19533 bytes
Nov 07, 2024 21:55:00.892 [138977898495744] DEBUG - [FFMPEG] - marker=da avail_size_in_buf=21065
Nov 07, 2024 21:55:00.892 [138977898495744] DEBUG - [FFMPEG] - marker parser used 1532 bytes (12256 bits)
Nov 07, 2024 21:55:00.892 [138977898495744] DEBUG - [FFMPEG] - marker=c4 avail_size_in_buf=19530
Nov 07, 2024 21:55:00.892 [138977898495744] DEBUG - [FFMPEG] - marker parser used 0 bytes (0 bits)
Nov 07, 2024 21:55:00.892 [138977898495744] DEBUG - [FFMPEG] - escaping removed 17991 bytes
Nov 07, 2024 21:55:00.892 [138977898495744] DEBUG - [FFMPEG] - marker=da avail_size_in_buf=19487
Nov 07, 2024 21:55:00.892 [138977898495744] DEBUG - [FFMPEG] - marker parser used 1496 bytes (11968 bits)
Nov 07, 2024 21:55:00.892 [138977898495744] DEBUG - [FFMPEG] - marker=c4 avail_size_in_buf=17982
Nov 07, 2024 21:55:00.892 [138977898495744] DEBUG - [FFMPEG] - marker parser used 0 bytes (0 bits)
Nov 07, 2024 21:55:00.892 [138977898495744] DEBUG - [FFMPEG] - escaping removed 16767 bytes
Nov 07, 2024 21:55:00.892 [138977898495744] DEBUG - [FFMPEG] - marker=da avail_size_in_buf=17942
Nov 07, 2024 21:55:00.892 [138977898495744] DEBUG - [FFMPEG] - marker parser used 1175 bytes (9400 bits)
Nov 07, 2024 21:55:00.892 [138977898495744] DEBUG - [FFMPEG] - marker=c4 avail_size_in_buf=16759
Nov 07, 2024 21:55:00.892 [138977898495744] DEBUG - [FFMPEG] - marker parser used 0 bytes (0 bits)
Nov 07, 2024 21:55:00.892 [138977898495744] DEBUG - [FFMPEG] - escaping removed 41 bytes
Nov 07, 2024 21:55:00.892 [138977898495744] DEBUG - [FFMPEG] - marker=da avail_size_in_buf=16717
Nov 07, 2024 21:55:00.892 [138977898495744] DEBUG - [FFMPEG] - marker parser used 16676 bytes (133408 bits)
Nov 07, 2024 21:55:00.892 [138977898495744] DEBUG - [FFMPEG] - marker=d9 avail_size_in_buf=0
Nov 07, 2024 21:55:00.892 [138977898495744] DEBUG - [FFMPEG] - decode frame unused 0 bytes
Nov 07, 2024 21:55:00.892 [138977898495744] DEBUG - [FFMPEG] - demuxer injecting skip 1105 / discard 0
Nov 07, 2024 21:55:00.893 [138977898495744] DEBUG - [FFMPEG] - skip 1105 / discard 0 samples due to side data
Nov 07, 2024 21:55:00.893 [138977898495744] DEBUG - [FFMPEG] - skip 1105/1152 samples
Nov 07, 2024 21:55:00.894 [138977898495744] DEBUG - [FFMPEG] - All info found
Nov 07, 2024 21:55:00.894 [138977898495744] DEBUG - [FFMPEG] - After avformat_find_stream_info() pos: 65801 bytes read:98304 seeks:0 frames:51
Nov 07, 2024 21:55:00.895 [138977898495744] DEBUG - [MI] Chapters had generic titles, clearing.
Nov 07, 2024 21:55:00.895 [138977898495744] DEBUG - [MI] Closing input file: "/music/She don`t give a fo.mp3"
Nov 07, 2024 21:55:00.896 [138977898495744] DEBUG - [MI] Opening input file: "/music/Young Miko Bizarrap.mp3"
Nov 07, 2024 21:55:00.896 [138977898495744] DEBUG - [FFMPEG] - Opening '/music/Young Miko Bizarrap.mp3' for reading
Nov 07, 2024 21:55:00.896 [138977898495744] DEBUG - [FFMPEG] - Setting default whitelist 'file,crypto,data'
Nov 07, 2024 21:55:01.077 [138977898495744] DEBUG - [FFMPEG] - Format mp3 probed with size=262144 and score=51
Nov 07, 2024 21:55:01.077 [138977898495744] DEBUG - [FFMPEG] - id3v2 ver:3 flags:00 len:224058
Nov 07, 2024 21:55:01.078 [138977898495744] DEBUG - [FFMPEG] - Before avformat_find_stream_info() pos: 224068 bytes read:262144 seeks:0 nb_streams:2
Nov 07, 2024 21:55:01.079 [138977898495744] DEBUG - [FFMPEG] - marker=d8 avail_size_in_buf=219517
Nov 07, 2024 21:55:01.079 [138977898495744] DEBUG - [FFMPEG] - marker parser used 0 bytes (0 bits)
Nov 07, 2024 21:55:01.079 [138977898495744] DEBUG - [FFMPEG] - marker=e0 avail_size_in_buf=219515
Nov 07, 2024 21:55:01.079 [138977898495744] DEBUG - [FFMPEG] - marker parser used 16 bytes (128 bits)
Nov 07, 2024 21:55:01.079 [138977898495744] DEBUG - [FFMPEG] - marker=db avail_size_in_buf=219497
Nov 07, 2024 21:55:01.079 [138977898495744] DEBUG - [FFMPEG] - index=0
Nov 07, 2024 21:55:01.079 [138977898495744] DEBUG - [FFMPEG] - qscale[0]: 1
Nov 07, 2024 21:55:01.079 [138977898495744] DEBUG - [FFMPEG] - marker parser used 67 bytes (536 bits)
Nov 07, 2024 21:55:01.079 [138977898495744] DEBUG - [FFMPEG] - marker=db avail_size_in_buf=219428
Nov 07, 2024 21:55:01.079 [138977898495744] DEBUG - [FFMPEG] - index=1
Nov 07, 2024 21:55:01.079 [138977898495744] DEBUG - [FFMPEG] - qscale[1]: 2
Nov 07, 2024 21:55:01.079 [138977898495744] DEBUG - [FFMPEG] - marker parser used 67 bytes (536 bits)
Nov 07, 2024 21:55:01.079 [138977898495744] DEBUG - [FFMPEG] - marker=c0 avail_size_in_buf=219359
Nov 07, 2024 21:55:01.079 [138977898495744] DEBUG - [FFMPEG] - Changing bps from 0 to 8
Nov 07, 2024 21:55:01.079 [138977898495744] DEBUG - [FFMPEG] - sof0: picture: 640x640
Nov 07, 2024 21:55:01.079 [138977898495744] DEBUG - [FFMPEG] - component 0 1:1 id: 0 quant:0
Nov 07, 2024 21:55:01.079 [138977898495744] DEBUG - [FFMPEG] - component 1 1:1 id: 1 quant:1
Nov 07, 2024 21:55:01.079 [138977898495744] DEBUG - [FFMPEG] - component 2 1:1 id: 2 quant:1
Nov 07, 2024 21:55:01.079 [138977898495744] DEBUG - [FFMPEG] - pix fmt id 11111100
Nov 07, 2024 21:55:01.079 [138977898495744] DEBUG - [FFMPEG] - Format yuvj444p chosen by get_format().
Nov 07, 2024 21:55:01.079 [138977898495744] DEBUG - [FFMPEG] - marker parser used 17 bytes (136 bits)
Nov 07, 2024 21:55:01.079 [138977898495744] DEBUG - [FFMPEG] - marker=c4 avail_size_in_buf=219340
Nov 07, 2024 21:55:01.079 [138977898495744] DEBUG - [FFMPEG] - marker parser used 0 bytes (0 bits)
Nov 07, 2024 21:55:01.079 [138977898495744] DEBUG - [FFMPEG] - marker=c4 avail_size_in_buf=219308
Nov 07, 2024 21:55:01.079 [138977898495744] DEBUG - [FFMPEG] - marker parser used 0 bytes (0 bits)
Nov 07, 2024 21:55:01.079 [138977898495744] DEBUG - [FFMPEG] - marker=c4 avail_size_in_buf=219230
Nov 07, 2024 21:55:01.079 [138977898495744] DEBUG - [FFMPEG] - marker parser used 0 bytes (0 bits)
Nov 07, 2024 21:55:01.079 [138977898495744] DEBUG - [FFMPEG] - marker=c4 avail_size_in_buf=219201
Nov 07, 2024 21:55:01.079 [138977898495744] DEBUG - [FFMPEG] - marker parser used 0 bytes (0 bits)
Nov 07, 2024 21:55:01.080 [138977898495744] DEBUG - [FFMPEG] - escaping removed 900 bytes
Nov 07, 2024 21:55:01.080 [138977898495744] DEBUG - [FFMPEG] - marker=da avail_size_in_buf=219130
Nov 07, 2024 21:55:01.080 [138977898495744] DEBUG - [FFMPEG] - marker parser used 218230 bytes (1745840 bits)
Nov 07, 2024 21:55:01.080 [138977898495744] DEBUG - [FFMPEG] - marker=d9 avail_size_in_buf=0
Nov 07, 2024 21:55:01.080 [138977898495744] DEBUG - [FFMPEG] - decode frame unused 0 bytes
Nov 07, 2024 21:55:01.081 [138977898495744] DEBUG - [FFMPEG] - All info found
Nov 07, 2024 21:55:01.081 [138977898495744] WARN - [FFMPEG] - Estimating duration from bitrate, this may be inaccurate
Nov 07, 2024 21:55:01.081 [138977898495744] DEBUG - [FFMPEG] - After avformat_find_stream_info() pos: 272196 bytes read:294912 seeks:0 frames:51
Nov 07, 2024 21:55:01.082 [138977898495744] DEBUG - [MI] Chapters had generic titles, clearing.
Nov 07, 2024 21:55:01.082 [138977898495744] DEBUG - [MI] Closing input file: "/music/Young Miko Bizarrap.mp3"
Nov 07, 2024 21:55:01.082 [138977898495744] DEBUG - [MI] Opening input file: "/music/Demons.mp3"
Nov 07, 2024 21:55:01.082 [138977898495744] DEBUG - [FFMPEG] - Opening '/music/Demons.mp3' for reading
Nov 07, 2024 21:55:01.082 [138977898495744] DEBUG - [FFMPEG] - Setting default whitelist 'file,crypto,data'
Nov 07, 2024 21:55:01.175 [138977898495744] DEBUG - [FFMPEG] - Format mp3 probed with size=262144 and score=51
Nov 07, 2024 21:55:01.176 [138977898495744] DEBUG - [FFMPEG] - id3v2 ver:3 flags:00 len:161454
Nov 07, 2024 21:55:01.177 [138977898495744] DEBUG - [FFMPEG] - pad 576 0
Nov 07, 2024 21:55:01.177 [138977898495744] DEBUG - [FFMPEG] - Before avformat_find_stream_info() pos: 162508 bytes read:196608 seeks:0 nb_streams:2
Nov 07, 2024 21:55:01.178 [138977898495744] DEBUG - [FFMPEG] - marker=d8 avail_size_in_buf=152558
Nov 07, 2024 21:55:01.178 [138977898495744] DEBUG - [FFMPEG] - marker parser used 0 bytes (0 bits)
Nov 07, 2024 21:55:01.178 [138977898495744] DEBUG - [FFMPEG] - marker=e0 avail_size_in_buf=152556
Nov 07, 2024 21:55:01.178 [138977898495744] DEBUG - [FFMPEG] - marker parser used 16 bytes (128 bits)
Nov 07, 2024 21:55:01.178 [138977898495744] DEBUG - [FFMPEG] - marker=db avail_size_in_buf=152538
Nov 07, 2024 21:55:01.178 [138977898495744] DEBUG - [FFMPEG] - index=0
Nov 07, 2024 21:55:01.178 [138977898495744] DEBUG - [FFMPEG] - qscale[0]: 1
Nov 07, 2024 21:55:01.178 [138977898495744] DEBUG - [FFMPEG] - marker parser used 67 bytes (536 bits)
Nov 07, 2024 21:55:01.178 [138977898495744] DEBUG - [FFMPEG] - marker=db avail_size_in_buf=152469
Nov 07, 2024 21:55:01.178 [138977898495744] DEBUG - [FFMPEG] - index=1
Nov 07, 2024 21:55:01.178 [138977898495744] DEBUG - [FFMPEG] - qscale[1]: 1
Nov 07, 2024 21:55:01.178 [138977898495744] DEBUG - [FFMPEG] - marker parser used 67 bytes (536 bits)
Nov 07, 2024 21:55:01.178 [138977898495744] DEBUG - [FFMPEG] - marker=c2 avail_size_in_buf=152400
Nov 07, 2024 21:55:01.178 [138977898495744] DEBUG - [FFMPEG] - Changing bps from 0 to 8
Nov 07, 2024 21:55:01.178 [138977898495744] DEBUG - [FFMPEG] - sof0: picture: 1200x1200
Nov 07, 2024 21:55:01.178 [138977898495744] DEBUG - [FFMPEG] - component 0 1:1 id: 0 quant:0
Nov 07, 2024 21:55:01.178 [138977898495744] DEBUG - [FFMPEG] - component 1 1:1 id: 1 quant:1
Nov 07, 2024 21:55:01.178 [138977898495744] DEBUG - [FFMPEG] - component 2 1:1 id: 2 quant:1
Nov 07, 2024 21:55:01.178 [138977898495744] DEBUG - [FFMPEG] - pix fmt id 11111100
Nov 07, 2024 21:55:01.178 [138977898495744] DEBUG - [FFMPEG] - Format yuvj444p chosen by get_format().
Nov 07, 2024 21:55:01.178 [138977898495744] DEBUG - [FFMPEG] - marker parser used 17 bytes (136 bits)
Nov 07, 2024 21:55:01.178 [138977898495744] DEBUG - [FFMPEG] - marker=c4 avail_size_in_buf=152381
Nov 07, 2024 21:55:01.178 [138977898495744] DEBUG - [FFMPEG] - marker parser used 0 bytes (0 bits)
Nov 07, 2024 21:55:01.178 [138977898495744] DEBUG - [FFMPEG] - marker=c4 avail_size_in_buf=152350
Nov 07, 2024 21:55:01.178 [138977898495744] DEBUG - [FFMPEG] - marker parser used 0 bytes (0 bits)
Nov 07, 2024 21:55:01.178 [138977898495744] DEBUG - [FFMPEG] - escaping removed 124279 bytes
Nov 07, 2024 21:55:01.178 [138977898495744] DEBUG - [FFMPEG] - marker=da avail_size_in_buf=152321
Nov 07, 2024 21:55:01.178 [138977898495744] DEBUG - [FFMPEG] - marker parser used 28042 bytes (224336 bits)
Nov 07, 2024 21:55:01.178 [138977898495744] DEBUG - [FFMPEG] - marker=c4 avail_size_in_buf=124240
Nov 07, 2024 21:55:01.178 [138977898495744] DEBUG - [FFMPEG] - marker parser used 0 bytes (0 bits)
Nov 07, 2024 21:55:01.178 [138977898495744] DEBUG - [FFMPEG] - escaping removed 88006 bytes
Nov 07, 2024 21:55:01.178 [138977898495744] DEBUG - [FFMPEG] - marker=da avail_size_in_buf=124179
Nov 07, 2024 21:55:01.178 [138977898495744] DEBUG - [FFMPEG] - marker parser used 36173 bytes (289384 bits)
Nov 07, 2024 21:55:01.178 [138977898495744] DEBUG - [FFMPEG] - marker=c4 avail_size_in_buf=87895
Nov 07, 2024 21:55:01.178 [138977898495744] DEBUG - [FFMPEG] - marker parser used 0 bytes (0 bits)
Nov 07, 2024 21:55:01.178 [138977898495744] DEBUG - [FFMPEG] - escaping removed 83159 bytes
Nov 07, 2024 21:55:01.178 [138977898495744] DEBUG - [FFMPEG] - marker=da avail_size_in_buf=87843
Nov 07, 2024 21:55:01.178 [138977898495744] DEBUG - [FFMPEG] - marker parser used 4684 bytes (37472 bits)
Nov 07, 2024 21:55:01.178 [138977898495744] DEBUG - [FFMPEG] - marker=c4 avail_size_in_buf=83143
Nov 07, 2024 21:55:01.178 [138977898495744] DEBUG - [FFMPEG] - marker parser used 0 bytes (0 bits)
Nov 07, 2024 21:55:01.178 [138977898495744] DEBUG - [FFMPEG] - escaping removed 76553 bytes
Nov 07, 2024 21:55:01.178 [138977898495744] DEBUG - [FFMPEG] - marker=da avail_size_in_buf=83092
Nov 07, 2024 21:55:01.178 [138977898495744] DEBUG - [FFMPEG] - marker parser used 6539 bytes (52312 bits)
Nov 07, 2024 21:55:01.178 [138977898495744] DEBUG - [FFMPEG] - marker=c4 avail_size_in_buf=76524
Nov 07, 2024 21:55:01.178 [138977898495744] DEBUG - [FFMPEG] - marker parser used 0 bytes (0 bits)
Nov 07, 2024 21:55:01.178 [138977898495744] DEBUG - [FFMPEG] - escaping removed 57208 bytes
Nov 07, 2024 21:55:01.178 [138977898495744] DEBUG - [FFMPEG] - marker=da avail_size_in_buf=76440
Nov 07, 2024 21:55:01.178 [138977898495744] DEBUG - [FFMPEG] - marker parser used 19232 bytes (153856 bits)
Nov 07, 2024 21:55:01.178 [138977898495744] DEBUG - [FFMPEG] - marker=c4 avail_size_in_buf=57143
Nov 07, 2024 21:55:01.178 [138977898495744] DEBUG - [FFMPEG] - marker parser used 0 bytes (0 bits)
Nov 07, 2024 21:55:01.178 [138977898495744] DEBUG - [FFMPEG] - escaping removed 29766 bytes
Nov 07, 2024 21:55:01.178 [138977898495744] DEBUG - [FFMPEG] - marker=da avail_size_in_buf=57098
Nov 07, 2024 21:55:01.178 [138977898495744] DEBUG - [FFMPEG] - marker parser used 27332 bytes (218656 bits)
Nov 07, 2024 21:55:01.178 [138977898495744] DEBUG - [FFMPEG] - escaping removed 21230 bytes
Nov 07, 2024 21:55:01.178 [138977898495744] DEBUG - [FFMPEG] - marker=da avail_size_in_buf=29681
Nov 07, 2024 21:55:01.178 [138977898495744] DEBUG - [FFMPEG] - marker parser used 8451 bytes (67608 bits)
Nov 07, 2024 21:55:01.178 [138977898495744] DEBUG - [FFMPEG] - escaping removed 20549 bytes
Nov 07, 2024 21:55:01.178 [138977898495744] DEBUG - [FFMPEG] - marker=da avail_size_in_buf=21193
Nov 07, 2024 21:55:01.178 [138977898495744] DEBUG - [FFMPEG] - marker parser used 644 bytes (5152 bits)
Nov 07, 2024 21:55:01.178 [138977898495744] DEBUG - [FFMPEG] - marker=c4 avail_size_in_buf=20504
Nov 07, 2024 21:55:01.178 [138977898495744] DEBUG - [FFMPEG] - marker parser used 0 bytes (0 bits)
Nov 07, 2024 21:55:01.178 [138977898495744] DEBUG - [FFMPEG] - escaping removed 19517 bytes
Nov 07, 2024 21:55:01.178 [138977898495744] DEBUG - [FFMPEG] - marker=da avail_size_in_buf=20465
Nov 07, 2024 21:55:01.178 [138977898495744] DEBUG - [FFMPEG] - marker parser used 948 bytes (7584 bits)
Nov 07, 2024 21:55:01.178 [138977898495744] DEBUG - [FFMPEG] - marker=c4 avail_size_in_buf=19444
Nov 07, 2024 21:55:01.178 [138977898495744] DEBUG - [FFMPEG] - marker parser used 0 bytes (0 bits)
Nov 07, 2024 21:55:01.178 [138977898495744] DEBUG - [FFMPEG] - escaping removed 109 bytes
Nov 07, 2024 21:55:01.178 [138977898495744] DEBUG - [FFMPEG] - marker=da avail_size_in_buf=19399
Nov 07, 2024 21:55:01.178 [138977898495744] DEBUG - [FFMPEG] - marker parser used 19290 bytes (154320 bits)
Nov 07, 2024 21:55:01.178 [138977898495744] DEBUG - [FFMPEG] - marker=d9 avail_size_in_buf=0
Nov 07, 2024 21:55:01.178 [138977898495744] DEBUG - [FFMPEG] - decode frame unused 0 bytes
Nov 07, 2024 21:55:01.178 [138977898495744] DEBUG - [FFMPEG] - demuxer injecting skip 1105 / discard 0
Nov 07, 2024 21:55:01.179 [138977898495744] DEBUG - [FFMPEG] - skip 1105 / discard 0 samples due to side data
Nov 07, 2024 21:55:01.179 [138977898495744] DEBUG - [FFMPEG] - skip 1105/1152 samples
Nov 07, 2024 21:55:01.179 [138977898495744] DEBUG - [FFMPEG] - All info found
Nov 07, 2024 21:55:01.180 [138977898495744] DEBUG - [FFMPEG] - After avformat_find_stream_info() pos: 215756 bytes read:229376 seeks:0 frames:51
Nov 07, 2024 21:55:01.180 [138977898495744] DEBUG - [MI] Chapters had generic titles, clearing.
Nov 07, 2024 21:55:01.180 [138977898495744] DEBUG - [MI] Closing input file: "/music/Demons.mp3"
Nov 07, 2024 21:55:01.181 [138977898495744] DEBUG - [MI] Opening input file: "/music/Diles.mp3"
Nov 07, 2024 21:55:01.181 [138977898495744] DEBUG - [FFMPEG] - Opening '/music/Diles.mp3' for reading
Nov 07, 2024 21:55:01.181 [138977898495744] DEBUG - [FFMPEG] - Setting default whitelist 'file,crypto,data'
Nov 07, 2024 21:55:01.355 [138977898495744] DEBUG - [FFMPEG] - Format mp3 probed with size=262144 and score=51
Nov 07, 2024 21:55:01.355 [138977898495744] DEBUG - [FFMPEG] - id3v2 ver:4 flags:00 len:217505
Nov 07, 2024 21:55:01.356 [138977898495744] DEBUG - [FFMPEG] - Before avformat_find_stream_info() pos: 218141 bytes read:229376 seeks:0 nb_streams:2
Nov 07, 2024 21:55:01.357 [138977898495744] DEBUG - [FFMPEG] - marker=d8 avail_size_in_buf=216161
Nov 07, 2024 21:55:01.357 [138977898495744] DEBUG - [FFMPEG] - marker parser used 0 bytes (0 bits)
Nov 07, 2024 21:55:01.357 [138977898495744] DEBUG - [FFMPEG] - marker=e0 avail_size_in_buf=216159
Nov 07, 2024 21:55:01.357 [138977898495744] DEBUG - [FFMPEG] - marker parser used 16 bytes (128 bits)
Nov 07, 2024 21:55:01.357 [138977898495744] DEBUG - [FFMPEG] - marker=e1 avail_size_in_buf=216141
Nov 07, 2024 21:55:01.357 [138977898495744] DEBUG - [FFMPEG] - marker parser used 75 bytes (600 bits)
Nov 07, 2024 21:55:01.357 [138977898495744] DEBUG - [FFMPEG] - marker=ed avail_size_in_buf=216063
Nov 07, 2024 21:55:01.357 [138977898495744] DEBUG - [FFMPEG] - marker parser used 55 bytes (440 bits)
Nov 07, 2024 21:55:01.357 [138977898495744] DEBUG - [FFMPEG] - marker=c0 avail_size_in_buf=216005
Nov 07, 2024 21:55:01.357 [138977898495744] DEBUG - [FFMPEG] - Changing bps from 0 to 8
Nov 07, 2024 21:55:01.357 [138977898495744] DEBUG - [FFMPEG] - sof0: picture: 637x637
Nov 07, 2024 21:55:01.357 [138977898495744] DEBUG - [FFMPEG] - component 0 2:2 id: 0 quant:0
Nov 07, 2024 21:55:01.357 [138977898495744] DEBUG - [FFMPEG] - component 1 1:1 id: 1 quant:1
Nov 07, 2024 21:55:01.357 [138977898495744] DEBUG - [FFMPEG] - component 2 1:1 id: 2 quant:1
Nov 07, 2024 21:55:01.357 [138977898495744] DEBUG - [FFMPEG] - pix fmt id 22111100
Nov 07, 2024 21:55:01.357 [138977898495744] DEBUG - [FFMPEG] - Format yuvj420p chosen by get_format().
Nov 07, 2024 21:55:01.357 [138977898495744] DEBUG - [FFMPEG] - marker parser used 17 bytes (136 bits)
Nov 07, 2024 21:55:01.357 [138977898495744] DEBUG - [FFMPEG] - marker=c4 avail_size_in_buf=215986
Nov 07, 2024 21:55:01.357 [138977898495744] DEBUG - [FFMPEG] - marker parser used 0 bytes (0 bits)
Nov 07, 2024 21:55:01.357 [138977898495744] DEBUG - [FFMPEG] - marker=c4 avail_size_in_buf=215953
Nov 07, 2024 21:55:01.357 [138977898495744] DEBUG - [FFMPEG] - marker parser used 0 bytes (0 bits)
Nov 07, 2024 21:55:01.357 [138977898495744] DEBUG - [FFMPEG] - marker=c4 avail_size_in_buf=215770
Nov 07, 2024 21:55:01.357 [138977898495744] DEBUG - [FFMPEG] - marker parser used 0 bytes (0 bits)
Nov 07, 2024 21:55:01.357 [138977898495744] DEBUG - [FFMPEG] - marker=c4 avail_size_in_buf=215737
Nov 07, 2024 21:55:01.357 [138977898495744] DEBUG - [FFMPEG] - marker parser used 0 bytes (0 bits)
Nov 07, 2024 21:55:01.357 [138977898495744] DEBUG - [FFMPEG] - marker=db avail_size_in_buf=215554
Nov 07, 2024 21:55:01.357 [138977898495744] DEBUG - [FFMPEG] - index=0
Nov 07, 2024 21:55:01.357 [138977898495744] DEBUG - [FFMPEG] - qscale[0]: 0
Nov 07, 2024 21:55:01.357 [138977898495744] DEBUG - [FFMPEG] - marker parser used 67 bytes (536 bits)
Nov 07, 2024 21:55:01.357 [138977898495744] DEBUG - [FFMPEG] - marker=db avail_size_in_buf=215485
Nov 07, 2024 21:55:01.357 [138977898495744] DEBUG - [FFMPEG] - index=1
Nov 07, 2024 21:55:01.357 [138977898495744] DEBUG - [FFMPEG] - qscale[1]: 1
Nov 07, 2024 21:55:01.357 [138977898495744] DEBUG - [FFMPEG] - marker parser used 67 bytes (536 bits)
Nov 07, 2024 21:55:01.357 [138977898495744] DEBUG - [FFMPEG] - marker=dd avail_size_in_buf=215416
Nov 07, 2024 21:55:01.357 [138977898495744] DEBUG - [FFMPEG] - marker parser used 0 bytes (0 bits)
Nov 07, 2024 21:55:01.358 [138977898495744] DEBUG - [FFMPEG] - escaping removed 1584 bytes
Nov 07, 2024 21:55:01.358 [138977898495744] DEBUG - [FFMPEG] - marker=da avail_size_in_buf=215410
Nov 07, 2024 21:55:01.358 [138977898495744] DEBUG - [FFMPEG] - marker parser used 213826 bytes (1710608 bits)
Nov 07, 2024 21:55:01.358 [138977898495744] DEBUG - [FFMPEG] - marker=d9 avail_size_in_buf=0
Nov 07, 2024 21:55:01.358 [138977898495744] DEBUG - [FFMPEG] - decode frame unused 0 bytes
Nov 07, 2024 21:55:01.361 [138977898495744] DEBUG - [FFMPEG] - All info found
Nov 07, 2024 21:55:01.361 [138977898495744] DEBUG - [FFMPEG] - After avformat_find_stream_info() pos: 249885 bytes read:262144 seeks:0 frames:51
Nov 07, 2024 21:55:01.362 [138977898495744] DEBUG - [MI] Chapters had generic titles, clearing.
Nov 07, 2024 21:55:01.362 [138977898495744] DEBUG - [MI] Closing input file: "/music/Diles.mp3"
Nov 07, 2024 21:55:01.362 [138977898495744] DEBUG - [MI] Opening input file: "/music/Cuando te vayas.mp3"
Nov 07, 2024 21:55:01.362 [138977898495744] DEBUG - [FFMPEG] - Opening '/music/Cuando te vayas.mp3' for reading
Nov 07, 2024 21:55:01.362 [138977898495744] DEBUG - [FFMPEG] - Setting default whitelist 'file,crypto,data'
Nov 07, 2024 21:55:01.455 [138977898495744] DEBUG - [FFMPEG] - Format mp3 probed with size=262144 and score=51
Nov 07, 2024 21:55:01.455 [138977898495744] DEBUG - [FFMPEG] - id3v2 ver:4 flags:00 len:133668
Nov 07, 2024 21:55:01.456 [138977898495744] DEBUG - [FFMPEG] - pad 576 1680
Nov 07, 2024 21:55:01.456 [138977898495744] DEBUG - [FFMPEG] - Before avformat_find_stream_info() pos: 134095 bytes read:163840 seeks:0 nb_streams:2
Nov 07, 2024 21:55:01.457 [138977898495744] DEBUG - [FFMPEG] - marker=d8 avail_size_in_buf=129326
Nov 07, 2024 21:55:01.457 [138977898495744] DEBUG - [FFMPEG] - marker parser used 0 bytes (0 bits)
Nov 07, 2024 21:55:01.457 [138977898495744] DEBUG - [FFMPEG] - marker=e0 avail_size_in_buf=129324
Nov 07, 2024 21:55:01.457 [138977898495744] DEBUG - [FFMPEG] - marker parser used 16 bytes (128 bits)
Nov 07, 2024 21:55:01.457 [138977898495744] DEBUG - [FFMPEG] - marker=db avail_size_in_buf=129306
Nov 07, 2024 21:55:01.457 [138977898495744] DEBUG - [FFMPEG] - index=0
Nov 07, 2024 21:55:01.457 [138977898495744] DEBUG - [FFMPEG] - qscale[0]: 2
Nov 07, 2024 21:55:01.457 [138977898495744] DEBUG - [FFMPEG] - marker parser used 67 bytes (536 bits)
Nov 07, 2024 21:55:01.457 [138977898495744] DEBUG - [FFMPEG] - marker=db avail_size_in_buf=129237
Nov 07, 2024 21:55:01.457 [138977898495744] DEBUG - [FFMPEG] - index=1
Nov 07, 2024 21:55:01.457 [138977898495744] DEBUG - [FFMPEG] - qscale[1]: 5
Nov 07, 2024 21:55:01.457 [138977898495744] DEBUG - [FFMPEG] - marker parser used 67 bytes (536 bits)
Nov 07, 2024 21:55:01.457 [138977898495744] DEBUG - [FFMPEG] - marker=c2 avail_size_in_buf=129168
Nov 07, 2024 21:55:01.457 [138977898495744] DEBUG - [FFMPEG] - Changing bps from 0 to 8
Nov 07, 2024 21:55:01.457 [138977898495744] DEBUG - [FFMPEG] - sof0: picture: 1200x1200
Nov 07, 2024 21:55:01.457 [138977898495744] DEBUG - [FFMPEG] - component 0 1:1 id: 0 quant:0
Nov 07, 2024 21:55:01.457 [138977898495744] DEBUG - [FFMPEG] - component 1 1:1 id: 1 quant:1
Nov 07, 2024 21:55:01.457 [138977898495744] DEBUG - [FFMPEG] - component 2 1:1 id: 2 quant:1
Nov 07, 2024 21:55:01.457 [138977898495744] DEBUG - [FFMPEG] - pix fmt id 11111100
Nov 07, 2024 21:55:01.457 [138977898495744] DEBUG - [FFMPEG] - Format yuvj444p chosen by get_format().
Nov 07, 2024 21:55:01.457 [138977898495744] DEBUG - [FFMPEG] - marker parser used 17 bytes (136 bits)
Nov 07, 2024 21:55:01.457 [138977898495744] DEBUG - [FFMPEG] - marker=c4 avail_size_in_buf=129149
Nov 07, 2024 21:55:01.457 [138977898495744] DEBUG - [FFMPEG] - marker parser used 0 bytes (0 bits)
Nov 07, 2024 21:55:01.457 [138977898495744] DEBUG - [FFMPEG] - marker=c4 avail_size_in_buf=129120
Nov 07, 2024 21:55:01.457 [138977898495744] DEBUG - [FFMPEG] - marker parser used 0 bytes (0 bits)
Nov 07, 2024 21:55:01.457 [138977898495744] DEBUG - [FFMPEG] - escaping removed 108681 bytes
Nov 07, 2024 21:55:01.457 [138977898495744] DEBUG - [FFMPEG] - marker=da avail_size_in_buf=129093
Nov 07, 2024 21:55:01.457 [138977898495744] DEBUG - [FFMPEG] - marker parser used 20412 bytes (163296 bits)
Nov 07, 2024 21:55:01.457 [138977898495744] DEBUG - [FFMPEG] - marker=c4 avail_size_in_buf=108673
Nov 07, 2024 21:55:01.457 [138977898495744] DEBUG - [FFMPEG] - marker parser used 0 bytes (0 bits)
Nov 07, 2024 21:55:01.457 [138977898495744] DEBUG - [FFMPEG] - escaping removed 95648 bytes
Nov 07, 2024 21:55:01.457 [138977898495744] DEBUG - [FFMPEG] - marker=da avail_size_in_buf=108623
Nov 07, 2024 21:55:01.457 [138977898495744] DEBUG - [FFMPEG] - marker parser used 12975 bytes (103800 bits)
Nov 07, 2024 21:55:01.457 [138977898495744] DEBUG - [FFMPEG] - marker=c4 avail_size_in_buf=95621
Nov 07, 2024 21:55:01.457 [138977898495744] DEBUG - [FFMPEG] - marker parser used 0 bytes (0 bits)
Nov 07, 2024 21:55:01.457 [138977898495744] DEBUG - [FFMPEG] - escaping removed 92648 bytes
Nov 07, 2024 21:55:01.457 [138977898495744] DEBUG - [FFMPEG] - marker=da avail_size_in_buf=95581
Nov 07, 2024 21:55:01.457 [138977898495744] DEBUG - [FFMPEG] - marker parser used 2933 bytes (23464 bits)
Nov 07, 2024 21:55:01.457 [138977898495744] DEBUG - [FFMPEG] - marker=c4 avail_size_in_buf=92640
Nov 07, 2024 21:55:01.457 [138977898495744] DEBUG - [FFMPEG] - marker parser used 0 bytes (0 bits)
Nov 07, 2024 21:55:01.457 [138977898495744] DEBUG - [FFMPEG] - escaping removed 90634 bytes
Nov 07, 2024 21:55:01.457 [138977898495744] DEBUG - [FFMPEG] - marker=da avail_size_in_buf=92600
Nov 07, 2024 21:55:01.457 [138977898495744] DEBUG - [FFMPEG] - marker parser used 1966 bytes (15728 bits)
Nov 07, 2024 21:55:01.457 [138977898495744] DEBUG - [FFMPEG] - marker=c4 avail_size_in_buf=90627
Nov 07, 2024 21:55:01.457 [138977898495744] DEBUG - [FFMPEG] - marker parser used 0 bytes (0 bits)
Nov 07, 2024 21:55:01.457 [138977898495744] DEBUG - [FFMPEG] - escaping removed 87448 bytes
Nov 07, 2024 21:55:01.457 [138977898495744] DEBUG - [FFMPEG] - marker=da avail_size_in_buf=90571
Nov 07, 2024 21:55:01.457 [138977898495744] DEBUG - [FFMPEG] - marker parser used 3123 bytes (24984 bits)
Nov 07, 2024 21:55:01.457 [138977898495744] DEBUG - [FFMPEG] - marker=c4 avail_size_in_buf=87434
Nov 07, 2024 21:55:01.457 [138977898495744] DEBUG - [FFMPEG] - marker parser used 0 bytes (0 bits)
Nov 07, 2024 21:55:01.457 [138977898495744] DEBUG - [FFMPEG] - escaping removed 63470 bytes
Nov 07, 2024 21:55:01.457 [138977898495744] DEBUG - [FFMPEG] - marker=da avail_size_in_buf=87389
Nov 07, 2024 21:55:01.457 [138977898495744] DEBUG - [FFMPEG] - marker parser used 23919 bytes (191352 bits)
Nov 07, 2024 21:55:01.457 [138977898495744] DEBUG - [FFMPEG] - escaping removed 54949 bytes
Nov 07, 2024 21:55:01.457 [138977898495744] DEBUG - [FFMPEG] - marker=da avail_size_in_buf=63400
Nov 07, 2024 21:55:01.457 [138977898495744] DEBUG - [FFMPEG] - marker parser used 8451 bytes (67608 bits)
Nov 07, 2024 21:55:01.458 [138977898495744] DEBUG - [FFMPEG] - marker=c4 avail_size_in_buf=54531
Nov 07, 2024 21:55:01.458 [138977898495744] DEBUG - [FFMPEG] - marker parser used 0 bytes (0 bits)
Nov 07, 2024 21:55:01.458 [138977898495744] DEBUG - [FFMPEG] - escaping removed 48283 bytes
Nov 07, 2024 21:55:01.458 [138977898495744] DEBUG - [FFMPEG] - marker=da avail_size_in_buf=54496
Nov 07, 2024 21:55:01.458 [138977898495744] DEBUG - [FFMPEG] - marker parser used 6213 bytes (49704 bits)
Nov 07, 2024 21:55:01.458 [138977898495744] DEBUG - [FFMPEG] - marker=c4 avail_size_in_buf=48265
Nov 07, 2024 21:55:01.458 [138977898495744] DEBUG - [FFMPEG] - marker parser used 0 bytes (0 bits)
Nov 07, 2024 21:55:01.458 [138977898495744] DEBUG - [FFMPEG] - escaping removed 42550 bytes
Nov 07, 2024 21:55:01.458 [138977898495744] DEBUG - [FFMPEG] - marker=da avail_size_in_buf=48229
Nov 07, 2024 21:55:01.458 [138977898495744] DEBUG - [FFMPEG] - marker parser used 5679 bytes (45432 bits)
Nov 07, 2024 21:55:01.458 [138977898495744] DEBUG - [FFMPEG] - marker=c4 avail_size_in_buf=42531
Nov 07, 2024 21:55:01.458 [138977898495744] DEBUG - [FFMPEG] - marker parser used 0 bytes (0 bits)
Nov 07, 2024 21:55:01.458 [138977898495744] DEBUG - [FFMPEG] - escaping removed 197 bytes
Nov 07, 2024 21:55:01.458 [138977898495744] DEBUG - [FFMPEG] - marker=da avail_size_in_buf=42489
Nov 07, 2024 21:55:01.458 [138977898495744] DEBUG - [FFMPEG] - marker parser used 42292 bytes (338336 bits)
Nov 07, 2024 21:55:01.458 [138977898495744] DEBUG - [FFMPEG] - marker=d9 avail_size_in_buf=0
Nov 07, 2024 21:55:01.458 [138977898495744] DEBUG - [FFMPEG] - decode frame unused 0 bytes
Nov 07, 2024 21:55:01.458 [138977898495744] DEBUG - [FFMPEG] - demuxer injecting skip 1105 / discard 0
Nov 07, 2024 21:55:01.458 [138977898495744] DEBUG - [FFMPEG] - skip 1105 / discard 0 samples due to side data
Nov 07, 2024 21:55:01.458 [138977898495744] DEBUG - [FFMPEG] - skip 1105/1152 samples
Nov 07, 2024 21:55:01.460 [138977898495744] DEBUG - [FFMPEG] - All info found
Nov 07, 2024 21:55:01.460 [138977898495744] DEBUG - [FFMPEG] - After avformat_find_stream_info() pos: 155599 bytes read:163840 seeks:0 frames:51
Nov 07, 2024 21:55:01.460 [138977898495744] DEBUG - [MI] Chapters had generic titles, clearing.
Nov 07, 2024 21:55:01.461 [138977898495744] DEBUG - [MI] Closing input file: "/music/Cuando te vayas.mp3"
Nov 07, 2024 21:55:01.461 [138977898495744] INFO - Match: Disc 1 started with track -1 (/music/A mì.mp3), we won't use this method.
Nov 07, 2024 21:55:01.462 [138977898495744] ERROR - [Time] Date looks invalid: 2022--1--1
Nov 07, 2024 21:55:01.462 [138977898495744] DEBUG - [MI] Opening input file: "/music/siente màs.mp3"
Nov 07, 2024 21:55:01.462 [138977898495744] DEBUG - [FFMPEG] - Opening '/music/siente màs.mp3' for reading
Nov 07, 2024 21:55:01.462 [138977898495744] DEBUG - [FFMPEG] - Setting default whitelist 'file,crypto,data'
Nov 07, 2024 21:55:01.463 [138977898495744] DEBUG - [FFMPEG] - Format mp3 probed with size=2048 and score=50
Nov 07, 2024 21:55:01.463 [138977898495744] DEBUG - [FFMPEG] - id3v2 ver:4 flags:00 len:1413299
Nov 07, 2024 21:55:01.466 [138977898495744] DEBUG - [FFMPEG] - pad 576 1067
Nov 07, 2024 21:55:01.466 [138977898495744] DEBUG - [FFMPEG] - Before avformat_find_stream_info() pos: 1414077 bytes read:1446067 seeks:0 nb_streams:2
Nov 07, 2024 21:55:01.537 [138977898495744] DEBUG - [FFMPEG] - demuxer injecting skip 1105 / discard 0
Nov 07, 2024 21:55:01.537 [138977898495744] DEBUG - [FFMPEG] - skip 1105 / discard 0 samples due to side data
Nov 07, 2024 21:55:01.537 [138977898495744] DEBUG - [FFMPEG] - skip 1105/1152 samples
Nov 07, 2024 21:55:01.538 [138977898495744] DEBUG - [FFMPEG] - All info found
Nov 07, 2024 21:55:01.538 [138977898495744] DEBUG - [FFMPEG] - After avformat_find_stream_info() pos: 1446845 bytes read:1478835 seeks:0 frames:51
Nov 07, 2024 21:55:01.539 [138977898495744] DEBUG - [MI] Chapters had generic titles, clearing.
Nov 07, 2024 21:55:01.557 [138977898495744] DEBUG - MediaFile: found embedded image, saved to '"/tmp/9d68fad99f0f86f1d7492447441f0864.jpg"'
Nov 07, 2024 21:55:01.557 [138977898495744] DEBUG - [MI] Closing input file: "/music/siente màs.mp3"
