Nov 07, 2024 21:44:56.355 [0x73255ffecb38] INFO - Plex Tuner Service v1.41.1.9057-af5eaea7a - Docker Docker Container x86_64 - build: 
Nov 07, 2024 21:44:56.357 [0x73255ffecb38] INFO - Linux version: 6.8.0-47-generic (#47-Ubuntu SMP PREEMPT_DYNAMIC Fri Sep 27 21:40:26 UTC 2024), language: en-US
Nov 07, 2024 21:44:56.357 [0x73255ffecb38] INFO - Processor Intel(R) Core(TM) i5-8250U CPU @ 1.60GHz
Nov 07, 2024 21:44:56.357 [0x73255ffecb38] INFO - /usr/lib/plexmediaserver/Plex Tuner Service /usr/lib/plexmediaserver/Resources/Tuner/Private /usr/lib/plexmediaserver/Resources/Tuner/Shared 1.41.1.9057-af5eaea7a 32600
Nov 07, 2024 21:44:56.350 [0x732561b5d808] INFO - [I] broker_t::start...
Nov 07, 2024 21:44:56.369 [0x732561b5d808] INFO - [I] device_manager_t::init.
Nov 07, 2024 21:44:56.369 [0x732561b5d808] INFO - [I] device_manager_t::init. Initialize provider manager
Nov 07, 2024 21:44:56.370 [0x732561b5d808] INFO - [I] device_manager_t::init. Initialize all device auxes
Nov 07, 2024 21:44:56.370 [0x732561b5d808] INFO - [I] dvb_device_factory_t::get_aux_list
Nov 07, 2024 21:44:56.370 [0x732561b5d808] INFO - [I] tvbutler_aux_t::init
Nov 07, 2024 21:44:56.390 [0x732561b5d808] INFO - [I] web_server_t::start. Starting web server on port 32600
Nov 07, 2024 21:44:59.254 [0x73255fd5fb38] INFO - [I] web_service_t::process_device_discovery
Nov 07, 2024 21:44:59.254 [0x73255fd5fb38] INFO - [I] device_reactor_t::get_device_list ()
Nov 07, 2024 21:45:01.259 [0x73255fd5fb38] INFO - [I] SAT2IP - discover_satip_servers(): no servers found
Nov 07, 2024 21:45:01.681 [0x73255fd5fb38] INFO - [I] v4l::DeviceGetList_impl. getting v4l device list
Nov 07, 2024 21:45:01.691 [0x73255fd5fb38] INFO - [I] onetv_factory::DeviceGetListEx >>
Nov 07, 2024 21:45:01.692 [0x73255fd5fb38] WARN - [W] onetv_factory::DeviceGetListEx. libusb_init returned an error -99
Nov 07, 2024 21:53:09.857 [0x732561b5d808] INFO - Received SIGINT: Interrupt from keyboard.
Nov 07, 2024 21:53:09.904 [0x732561b5d808] INFO - [I] device_manager_t::term
Nov 07, 2024 21:53:09.905 [0x732561b5d808] INFO - [I] device_manager_t::term. Stop all devices
Nov 07, 2024 21:53:09.905 [0x732561b5d808] INFO - [I] device_manager_t::term. Shut down all device auxes
Nov 07, 2024 21:53:09.905 [0x732561b5d808] INFO - [I] tvbutler_aux_t::term
Nov 07, 2024 21:53:09.906 [0x732561b5d808] INFO - [I] web_server_t::stop. Web server is stopped
Nov 07, 2024 21:53:09.906 [0x732561b5d808] INFO - [I] device_manager_t::term
Nov 07, 2024 21:53:09.906 [0x732561b5d808] INFO - [I] device_manager_t::term. Stop all devices
Nov 07, 2024 21:53:09.906 [0x732561b5d808] INFO - [I] device_manager_t::term. Shut down all device auxes
Nov 07, 2024 21:53:09.907 [0x732561b5d808] INFO - [I] broker_t::shutdown. Shutdown is completed.
